#
# There is insufficient memory for the Java Runtime Environment to continue.
# Native memory allocation (mmap) failed to map 570425344 bytes for committing reserved memory.
# Possible reasons:
#   The system is out of physical RAM or swap space
#   The process is running with CompressedOops enabled, and the Java Heap may be blocking the growth of the native heap
# Possible solutions:
#   Reduce memory load on the system
#   Increase physical memory or swap space
#   Check if swap backing store is full
#   Decrease Java heap size (-Xmx/-Xms)
#   Decrease number of Java threads
#   Decrease Java thread stack sizes (-Xss)
#   Set larger code cache with -XX:ReservedCodeCacheSize=
#   JVM is running with Unscaled Compressed Oops mode in which the Java heap is
#     placed in the first 4GB address space. The Java Heap base address is the
#     maximum limit for the native heap growth. Please use -XX:HeapBaseMinAddress
#     to set the Java Heap base and to place the Java Heap above 4GB virtual address.
# This output file may be truncated or incomplete.
#
#  Out of Memory Error (os_linux.cpp:2706), pid=6521, tid=6534
#
# JRE version: Java(TM) SE Runtime Environment (10.0.1+10) (build 10.0.1+10)
# Java VM: Java HotSpot(TM) 64-Bit Server VM (10.0.1+10, mixed mode, tiered, compressed oops, g1 gc, linux-amd64)
# Core dump will be written. Default location: Core dumps may be processed with "/usr/share/apport/apport %p %s %c %d %P" (or dumping to /home/yaniv/syqe/take-latest/device-service/core.6521)
#

---------------  S U M M A R Y ------------

Command Line: build/libs/device-service-0.0.1-SNAPSHOT.jar

Host: Intel(R) Core(TM) i5-4200U CPU @ 1.60GHz, 4 cores, 7G, Ubuntu 18.04.1 LTS
Time: Sat Nov 24 23:09:34 2018 IST elapsed time: 36 seconds (0d 0h 0m 36s)

---------------  T H R E A D  ---------------

Current thread (0x00007f24cc151800):  VMThread "VM Thread" [stack: 0x00007f2495384000,0x00007f2495484000] [id=6534]

Stack: [0x00007f2495384000,0x00007f2495484000],  sp=0x00007f2495481fc0,  free space=1015k
Native frames: (J=compiled Java code, A=aot compiled Java code, j=interpreted, Vv=VM code, C=native code)
V  [libjvm.so+0xdf5402]  VMError::report_and_die(int, char const*, char const*, __va_list_tag*, Thread*, unsigned char*, void*, void*, char const*, int, unsigned long)+0x162
V  [libjvm.so+0xdf60ab]  VMError::report_and_die(Thread*, char const*, int, unsigned long, VMErrorType, char const*, __va_list_tag*)+0x2b
V  [libjvm.so+0x6a7c28]  report_vm_out_of_memory(char const*, int, unsigned long, VMErrorType, char const*, ...)+0xd8
V  [libjvm.so+0xbff709]  os::pd_commit_memory_or_exit(char*, unsigned long, unsigned long, bool, char const*)+0xe9
V  [libjvm.so+0xbf7dcd]  os::commit_memory_or_exit(char*, unsigned long, unsigned long, bool, char const*)+0x1d
V  [libjvm.so+0x7ceab2]  G1PageBasedVirtualSpace::commit_preferred_pages(unsigned long, unsigned long)+0x62
V  [libjvm.so+0x7ced9e]  G1PageBasedVirtualSpace::commit(unsigned long, unsigned long)+0x11e
V  [libjvm.so+0x7d1ed6]  G1RegionsLargerThanCommitSizeMapper::commit_regions(unsigned int, unsigned long, WorkGang*)+0x46
V  [libjvm.so+0x86453c]  HeapRegionManager::commit_regions(unsigned int, unsigned long, WorkGang*)+0x7c
V  [libjvm.so+0x8650b4]  HeapRegionManager::make_regions_available(unsigned int, unsigned int, WorkGang*)+0x34
V  [libjvm.so+0x8655d1]  HeapRegionManager::expand_by(unsigned int, WorkGang*)+0x71
V  [libjvm.so+0x781f77]  G1CollectedHeap::expand(unsigned long, WorkGang*, double*)+0xd7
V  [libjvm.so+0x7861b2]  G1CollectedHeap::do_collection_pause_at_safepoint(double)+0xd92
V  [libjvm.so+0xe07c52]  VM_G1IncCollectionPause::doit()+0x82
V  [libjvm.so+0xe06bca]  VM_Operation::evaluate()+0x19a
V  [libjvm.so+0xe04385]  VMThread::evaluate_operation(VM_Operation*)+0xc5
V  [libjvm.so+0xe04a3f]  VMThread::loop()+0x27f
V  [libjvm.so+0xe050a2]  VMThread::run()+0x72
V  [libjvm.so+0xc05342]  thread_native_entry(Thread*)+0xf2

VM_Operation (0x00007f2432ef5720): G1IncCollectionPause, mode: safepoint, requested by thread 0x00007f24cda1d800


---------------  P R O C E S S  ---------------

Threads class SMR info:
_java_thread_list=0x00007f24cda16f20, length=22, elements={
0x00007f24cc011800, 0x00007f24cc15b800, 0x00007f24cc15d800, 0x00007f24cc166800,
0x00007f24cc171000, 0x00007f24cc173000, 0x00007f24cc175000, 0x00007f24cc177000,
0x00007f24cc23b800, 0x00007f24cc245800, 0x00007f24ccf44000, 0x00007f24ccf48000,
0x00007f24cd2fa000, 0x00007f24cd2fd000, 0x00007f24cd2fe800, 0x00007f24cd314800,
0x00007f24ccdb3800, 0x00007f24ccc4e000, 0x00007f24cd759000, 0x00007f24cda10800,
0x00007f24cda13000, 0x00007f24cda1d800
}

Java Threads: ( => current thread )
  0x00007f24cc011800 JavaThread "main" [_thread_blocked, id=6522, stack(0x00007f24d384a000,0x00007f24d394b000)]
  0x00007f24cc15b800 JavaThread "Reference Handler" daemon [_thread_blocked, id=6535, stack(0x00007f2495281000,0x00007f2495382000)]
  0x00007f24cc15d800 JavaThread "Finalizer" daemon [_thread_blocked, id=6536, stack(0x00007f2495180000,0x00007f2495281000)]
  0x00007f24cc166800 JavaThread "Signal Dispatcher" daemon [_thread_blocked, id=6537, stack(0x00007f24946b0000,0x00007f24947b1000)]
  0x00007f24cc171000 JavaThread "C2 CompilerThread0" daemon [_thread_blocked, id=6538, stack(0x00007f24945af000,0x00007f24946b0000)]
  0x00007f24cc173000 JavaThread "C2 CompilerThread1" daemon [_thread_blocked, id=6539, stack(0x00007f24944ae000,0x00007f24945af000)]
  0x00007f24cc175000 JavaThread "C1 CompilerThread2" daemon [_thread_blocked, id=6540, stack(0x00007f24943ad000,0x00007f24944ae000)]
  0x00007f24cc177000 JavaThread "Sweeper thread" daemon [_thread_blocked, id=6541, stack(0x00007f24942ac000,0x00007f24943ad000)]
  0x00007f24cc23b800 JavaThread "Service Thread" daemon [_thread_blocked, id=6542, stack(0x00007f24941ab000,0x00007f24942ac000)]
  0x00007f24cc245800 JavaThread "Common-Cleaner" daemon [_thread_blocked, id=6543, stack(0x00007f24940aa000,0x00007f24941ab000)]
  0x00007f24ccf44000 JavaThread "ContainerBackgroundProcessor[StandardEngine[Tomcat]]" daemon [_thread_blocked, id=6556, stack(0x00007f24530d4000,0x00007f24531d5000)]
  0x00007f24ccf48000 JavaThread "container-0" [_thread_blocked, id=6557, stack(0x00007f2450ba4000,0x00007f2450ca5000)]
  0x00007f24cd2fa000 JavaThread "cluster-ClusterId{value='5bf9bdf2041aa31979fa26a9', description='null'}-cluster0-shard-00-02-x3a8q.mongodb.net:27017" daemon [_thread_blocked, id=6558, stack(0x00007f245044e000,0x00007f245054f000)]
  0x00007f24cd2fd000 JavaThread "cluster-ClusterId{value='5bf9bdf2041aa31979fa26a9', description='null'}-cluster0-shard-00-01-x3a8q.mongodb.net:27017" daemon [_thread_blocked, id=6559, stack(0x00007f245034d000,0x00007f245044e000)]
  0x00007f24cd2fe800 JavaThread "cluster-ClusterId{value='5bf9bdf2041aa31979fa26a9', description='null'}-cluster0-shard-00-00-x3a8q.mongodb.net:27017" daemon [_thread_blocked, id=6560, stack(0x00007f245024c000,0x00007f245034d000)]
  0x00007f24cd314800 JavaThread "CleanCursors-1-thread-1" daemon [_thread_blocked, id=6561, stack(0x00007f245014b000,0x00007f245024c000)]
  0x00007f24ccdb3800 JavaThread "spring.cloud.inetutils" daemon [_thread_blocked, id=6563, stack(0x00007f24535d5000,0x00007f24536d6000)]
  0x00007f24ccc4e000 JavaThread "Eureka-JerseyClient-Conn-Cleaner2" daemon [_thread_blocked, id=6565, stack(0x00007f245004a000,0x00007f245014b000)]
  0x00007f24cd759000 JavaThread "AsyncResolver-bootstrap-0" daemon [_thread_blocked, id=6566, stack(0x00007f24332ff000,0x00007f2433400000)]
  0x00007f24cda10800 JavaThread "DiscoveryClient-0" daemon [_thread_blocked, id=6568, stack(0x00007f2432ffe000,0x00007f24330ff000)]
  0x00007f24cda13000 JavaThread "DiscoveryClient-1" daemon [_thread_blocked, id=6569, stack(0x00007f2432efd000,0x00007f2432ffe000)]
  0x00007f24cda1d800 JavaThread "DiscoveryClient-InstanceInfoReplicator-0" daemon [_thread_blocked, id=6570, stack(0x00007f2432dfc000,0x00007f2432efd000)]

Other Threads:
=>0x00007f24cc151800 VMThread "VM Thread" [stack: 0x00007f2495384000,0x00007f2495484000] [id=6534]
  0x00007f24cc249800 WatcherThread [stack: 0x00007f2453f00000,0x00007f2454000000] [id=6544]
  0x00007f24cc02a000 GCTaskThread "GC Thread#0" [stack: 0x00007f24b1965000,0x00007f24b1a65000] [id=6523]
  0x00007f24cc02b800 GCTaskThread "GC Thread#1" [stack: 0x00007f24b1863000,0x00007f24b1963000] [id=6524]
  0x00007f24cc02d800 GCTaskThread "GC Thread#2" [stack: 0x00007f24b1761000,0x00007f24b1861000] [id=6525]
  0x00007f24cc02f000 GCTaskThread "GC Thread#3" [stack: 0x00007f24b165f000,0x00007f24b175f000] [id=6526]
  0x00007f24cc058800 ConcurrentGCThread "G1 Main Marker" [stack: 0x00007f24b05cb000,0x00007f24b06cb000] [id=6527]
  0x00007f24cc05a800 ConcurrentGCThread "G1 Conc#0" [stack: 0x00007f24b04c9000,0x00007f24b05c9000] [id=6528]
  0x00007f24cc0c2000 ConcurrentGCThread "G1 Refine#0" [stack: 0x00007f24a0160000,0x00007f24a0260000] [id=6529]
  0x00007f24cc0c4000 ConcurrentGCThread "G1 Refine#1" [stack: 0x00007f24a005e000,0x00007f24a015e000] [id=6530]
  0x00007f24cc0c6000 ConcurrentGCThread "G1 Refine#2" [stack: 0x00007f2495f00000,0x00007f2496000000] [id=6531]
  0x00007f24cc0c7800 ConcurrentGCThread "G1 Refine#3" [stack: 0x00007f2495dfe000,0x00007f2495efe000] [id=6532]
  0x00007f24cc0c9800 ConcurrentGCThread "G1 Young RemSet Sampling" [stack: 0x00007f2495cfc000,0x00007f2495dfc000] [id=6533]

Threads with active compile tasks:
C2 CompilerThread16462   !   4       org.springframework.beans.factory.support.DefaultSingletonBeanRegistry::getSingleton (117 bytes)

VM state:at safepoint (normal execution)

VM Mutex/Monitor currently owned by a thread:  ([mutex/lock_event])
[0x00007f24cc00dd50] Threads_lock - owner thread: 0x00007f24cc151800
[0x00007f24cc00e2f0] Heap_lock - owner thread: 0x00007f24cda1d800

Heap address: 0x0000000084c00000, size: 1972 MB, Compressed Oops mode: 32-bit
Narrow klass base: 0x0000000000000000, Narrow klass shift: 3
Compressed class space size: 1073741824 Address: 0x0000000100000000

Heap:
 garbage-first heap   total 835584K, used 33032K [0x0000000084c00000, 0x0000000100000000)
  region size 1024K, 1 young (1024K), 1 survivors (1024K)
 Metaspace       used 65799K, capacity 67242K, committed 67532K, reserved 1107968K
  class space    used 7825K, capacity 8386K, committed 8396K, reserved 1048576K
Heap Regions: E=young(eden), S=young(survivor), O=old, HS=humongous(starts), HC=humongous(continues), CS=collection set, F=free, A=archive, TS=gc time stamp, AC=allocation context, TAMS=top-at-mark-start (previous, next)
|   0|0x0000000084c00000, 0x0000000084d00000, 0x0000000084d00000|100%| O|  |TS  0|AC  0|TAMS 0x0000000084d00000, 0x0000000084d00000|
|   1|0x0000000084d00000, 0x0000000084e00000, 0x0000000084e00000|100%| O|  |TS  0|AC  0|TAMS 0x0000000084e00000, 0x0000000084e00000|
|   2|0x0000000084e00000, 0x0000000084f00000, 0x0000000084f00000|100%| O|  |TS  0|AC  0|TAMS 0x0000000084f00000, 0x0000000084f00000|
|   3|0x0000000084f00000, 0x0000000085000000, 0x0000000085000000|100%| O|  |TS  0|AC  0|TAMS 0x0000000085000000, 0x0000000085000000|
|   4|0x0000000085000000, 0x0000000085100000, 0x0000000085100000|100%| O|  |TS  0|AC  0|TAMS 0x0000000085100000, 0x0000000085100000|
|   5|0x0000000085100000, 0x0000000085200000, 0x0000000085200000|100%| O|  |TS  0|AC  0|TAMS 0x0000000085200000, 0x0000000085200000|
|   6|0x0000000085200000, 0x0000000085300000, 0x0000000085300000|100%| O|  |TS  0|AC  0|TAMS 0x0000000085300000, 0x0000000085300000|
|   7|0x0000000085300000, 0x0000000085400000, 0x0000000085400000|100%| O|  |TS  0|AC  0|TAMS 0x0000000085400000, 0x0000000085400000|
|   8|0x0000000085400000, 0x0000000085500000, 0x0000000085500000|100%| O|  |TS  0|AC  0|TAMS 0x0000000085500000, 0x0000000085500000|
|   9|0x0000000085500000, 0x0000000085600000, 0x0000000085600000|100%| O|  |TS  0|AC  0|TAMS 0x0000000085600000, 0x0000000085600000|
|  10|0x0000000085600000, 0x0000000085700000, 0x0000000085700000|100%| O|  |TS  0|AC  0|TAMS 0x0000000085700000, 0x0000000085700000|
|  11|0x0000000085700000, 0x0000000085800000, 0x0000000085800000|100%| O|  |TS  0|AC  0|TAMS 0x0000000085800000, 0x0000000085800000|
|  12|0x0000000085800000, 0x0000000085900000, 0x0000000085900000|100%| O|  |TS  0|AC  0|TAMS 0x0000000085900000, 0x0000000085900000|
|  13|0x0000000085900000, 0x0000000085a00000, 0x0000000085a00000|100%| O|  |TS  0|AC  0|TAMS 0x0000000085a00000, 0x0000000085a00000|
|  14|0x0000000085a00000, 0x0000000085b00000, 0x0000000085b00000|100%| O|  |TS  0|AC  0|TAMS 0x0000000085b00000, 0x0000000085b00000|
|  15|0x0000000085b00000, 0x0000000085c00000, 0x0000000085c00000|100%| O|  |TS  0|AC  0|TAMS 0x0000000085c00000, 0x0000000085c00000|
|  16|0x0000000085c00000, 0x0000000085d00000, 0x0000000085d00000|100%| O|  |TS  0|AC  0|TAMS 0x0000000085d00000, 0x0000000085d00000|
|  17|0x0000000085d00000, 0x0000000085e00000, 0x0000000085e00000|100%| O|  |TS  0|AC  0|TAMS 0x0000000085e00000, 0x0000000085e00000|
|  18|0x0000000085e00000, 0x0000000085f00000, 0x0000000085f00000|100%| O|  |TS  0|AC  0|TAMS 0x0000000085f00000, 0x0000000085f00000|
|  19|0x0000000085f00000, 0x0000000086000000, 0x0000000086000000|100%| O|  |TS  0|AC  0|TAMS 0x0000000086000000, 0x0000000086000000|
|  20|0x0000000086000000, 0x0000000086100000, 0x0000000086100000|100%| O|  |TS  0|AC  0|TAMS 0x0000000086100000, 0x0000000086100000|
|  21|0x0000000086100000, 0x0000000086200000, 0x0000000086200000|100%| O|  |TS  0|AC  0|TAMS 0x0000000086200000, 0x0000000086200000|
|  22|0x0000000086200000, 0x0000000086300000, 0x0000000086300000|100%| O|  |TS  2|AC  0|TAMS 0x0000000086276600, 0x0000000086276600|
|  23|0x0000000086300000, 0x0000000086400000, 0x0000000086400000|100%| O|  |TS  2|AC  0|TAMS 0x0000000086300000, 0x0000000086300000|
|  24|0x0000000086400000, 0x0000000086500000, 0x0000000086500000|100%| O|  |TS  2|AC  0|TAMS 0x0000000086400000, 0x0000000086400000|
|  25|0x0000000086500000, 0x0000000086600000, 0x0000000086600000|100%| O|  |TS  2|AC  0|TAMS 0x0000000086500000, 0x0000000086500000|
|  26|0x0000000086600000, 0x0000000086700000, 0x0000000086700000|100%| O|  |TS  2|AC  0|TAMS 0x0000000086600000, 0x0000000086600000|
|  27|0x0000000086700000, 0x0000000086800000, 0x0000000086800000|100%| O|  |TS  2|AC  0|TAMS 0x0000000086700000, 0x0000000086700000|
|  28|0x0000000086800000, 0x0000000086900000, 0x0000000086900000|100%| O|  |TS  2|AC  0|TAMS 0x0000000086800000, 0x0000000086800000|
|  29|0x0000000086900000, 0x0000000086a00000, 0x0000000086a00000|100%| O|  |TS  2|AC  0|TAMS 0x0000000086900000, 0x0000000086900000|
|  30|0x0000000086a00000, 0x0000000086b00000, 0x0000000086b00000|100%| O|  |TS  2|AC  0|TAMS 0x0000000086a00000, 0x0000000086a00000|
|  31|0x0000000086b00000, 0x0000000086b42200, 0x0000000086c00000| 25%| O|  |TS  4|AC  0|TAMS 0x0000000086b00000, 0x0000000086b00000|
|  32|0x0000000086c00000, 0x0000000086c00000, 0x0000000086d00000|  0%| F|  |TS  0|AC  0|TAMS 0x0000000086c00000, 0x0000000086c00000|
|  33|0x0000000086d00000, 0x0000000086d00000, 0x0000000086e00000|  0%| F|  |TS  0|AC  0|TAMS 0x0000000086d00000, 0x0000000086d00000|
|  34|0x0000000086e00000, 0x0000000086e00000, 0x0000000086f00000|  0%| F|  |TS  0|AC  0|TAMS 0x0000000086e00000, 0x0000000086e00000|
|  35|0x0000000086f00000, 0x0000000086f00000, 0x0000000087000000|  0%| F|  |TS  0|AC  0|TAMS 0x0000000086f00000, 0x0000000086f00000|
|  36|0x0000000087000000, 0x0000000087000000, 0x0000000087100000|  0%| F|  |TS  0|AC  0|TAMS 0x0000000087000000, 0x0000000087000000|
|  37|0x0000000087100000, 0x0000000087100000, 0x0000000087200000|  0%| F|  |TS  0|AC  0|TAMS 0x0000000087100000, 0x0000000087100000|
|  38|0x0000000087200000, 0x0000000087200000, 0x0000000087300000|  0%| F|  |TS  0|AC  0|TAMS 0x0000000087200000, 0x0000000087200000|
|  39|0x0000000087300000, 0x0000000087300000, 0x0000000087400000|  0%| F|  |TS  0|AC  0|TAMS 0x0000000087300000, 0x0000000087300000|
|  40|0x0000000087400000, 0x0000000087400000, 0x0000000087500000|  0%| F|  |TS  0|AC  0|TAMS 0x0000000087400000, 0x0000000087400000|
|  41|0x0000000087500000, 0x0000000087500000, 0x0000000087600000|  0%| F|  |TS  0|AC  0|TAMS 0x0000000087500000, 0x0000000087500000|
|  42|0x0000000087600000, 0x0000000087600000, 0x0000000087700000|  0%| F|  |TS  0|AC  0|TAMS 0x0000000087600000, 0x0000000087600000|
|  43|0x0000000087700000, 0x0000000087700000, 0x0000000087800000|  0%| F|  |TS  0|AC  0|TAMS 0x0000000087700000, 0x0000000087700000|
|  44|0x0000000087800000, 0x0000000087800000, 0x0000000087900000|  0%| F|  |TS  0|AC  0|TAMS 0x0000000087800000, 0x0000000087800000|
|  45|0x0000000087900000, 0x0000000087900000, 0x0000000087a00000|  0%| F|  |TS  0|AC  0|TAMS 0x0000000087900000, 0x0000000087900000|
|  46|0x0000000087a00000, 0x0000000087a00000, 0x0000000087b00000|  0%| F|  |TS  0|AC  0|TAMS 0x0000000087a00000, 0x0000000087a00000|
|  47|0x0000000087b00000, 0x0000000087b00000, 0x0000000087c00000|  0%| F|  |TS  0|AC  0|TAMS 0x0000000087b00000, 0x0000000087b00000|
|  48|0x0000000087c00000, 0x0000000087c00000, 0x0000000087d00000|  0%| F|  |TS  0|AC  0|TAMS 0x0000000087c00000, 0x0000000087c00000|
|  49|0x0000000087d00000, 0x0000000087d00000, 0x0000000087e00000|  0%| F|  |TS  0|AC  0|TAMS 0x0000000087d00000, 0x0000000087d00000|
|  50|0x0000000087e00000, 0x0000000087e00000, 0x0000000087f00000|  0%| F|  |TS  0|AC  0|TAMS 0x0000000087e00000, 0x0000000087e00000|
|  51|0x0000000087f00000, 0x0000000087f00000, 0x0000000088000000|  0%| F|  |TS  0|AC  0|TAMS 0x0000000087f00000, 0x0000000087f00000|
|  52|0x0000000088000000, 0x0000000088000000, 0x0000000088100000|  0%| F|  |TS  0|AC  0|TAMS 0x0000000088000000, 0x0000000088000000|
|  53|0x0000000088100000, 0x0000000088100000, 0x0000000088200000|  0%| F|  |TS  0|AC  0|TAMS 0x0000000088100000, 0x0000000088100000|
|  54|0x0000000088200000, 0x0000000088200000, 0x0000000088300000|  0%| F|  |TS  0|AC  0|TAMS 0x0000000088200000, 0x0000000088200000|
|  55|0x0000000088300000, 0x0000000088300000, 0x0000000088400000|  0%| F|  |TS  0|AC  0|TAMS 0x0000000088300000, 0x0000000088300000|
|  56|0x0000000088400000, 0x0000000088400000, 0x0000000088500000|  0%| F|  |TS  0|AC  0|TAMS 0x0000000088400000, 0x0000000088400000|
|  57|0x0000000088500000, 0x0000000088500000, 0x0000000088600000|  0%| F|  |TS  0|AC  0|TAMS 0x0000000088500000, 0x0000000088500000|
|  58|0x0000000088600000, 0x0000000088600000, 0x0000000088700000|  0%| F|  |TS  0|AC  0|TAMS 0x0000000088600000, 0x0000000088600000|
|  59|0x0000000088700000, 0x0000000088700000, 0x0000000088800000|  0%| F|  |TS  0|AC  0|TAMS 0x0000000088700000, 0x0000000088700000|
|  60|0x0000000088800000, 0x0000000088800000, 0x0000000088900000|  0%| F|  |TS  0|AC  0|TAMS 0x0000000088800000, 0x0000000088800000|
|  61|0x0000000088900000, 0x0000000088900000, 0x0000000088a00000|  0%| F|  |TS  0|AC  0|TAMS 0x0000000088900000, 0x0000000088900000|
|  62|0x0000000088a00000, 0x0000000088a00000, 0x0000000088b00000|  0%| F|  |TS  0|AC  0|TAMS 0x0000000088a00000, 0x0000000088a00000|
|  63|0x0000000088b00000, 0x0000000088b00000, 0x0000000088c00000|  0%| F|  |TS  0|AC  0|TAMS 0x0000000088b00000, 0x0000000088b00000|
|  64|0x0000000088c00000, 0x0000000088c00000, 0x0000000088d00000|  0%| F|  |TS  0|AC  0|TAMS 0x0000000088c00000, 0x0000000088c00000|
|  65|0x0000000088d00000, 0x0000000088d00000, 0x0000000088e00000|  0%| F|  |TS  0|AC  0|TAMS 0x0000000088d00000, 0x0000000088d00000|
|  66|0x0000000088e00000, 0x0000000088e00000, 0x0000000088f00000|  0%| F|  |TS  0|AC  0|TAMS 0x0000000088e00000, 0x0000000088e00000|
|  67|0x0000000088f00000, 0x0000000088f00000, 0x0000000089000000|  0%| F|  |TS  0|AC  0|TAMS 0x0000000088f00000, 0x0000000088f00000|
|  68|0x0000000089000000, 0x0000000089000000, 0x0000000089100000|  0%| F|  |TS  0|AC  0|TAMS 0x0000000089000000, 0x0000000089000000|
|  69|0x0000000089100000, 0x0000000089100000, 0x0000000089200000|  0%| F|  |TS  0|AC  0|TAMS 0x0000000089100000, 0x0000000089100000|
|  70|0x0000000089200000, 0x0000000089200000, 0x0000000089300000|  0%| F|  |TS  0|AC  0|TAMS 0x0000000089200000, 0x0000000089200000|
|  71|0x0000000089300000, 0x0000000089300000, 0x0000000089400000|  0%| F|  |TS  0|AC  0|TAMS 0x0000000089300000, 0x0000000089300000|
|  72|0x0000000089400000, 0x0000000089400000, 0x0000000089500000|  0%| F|  |TS  0|AC  0|TAMS 0x0000000089400000, 0x0000000089400000|
|  73|0x0000000089500000, 0x0000000089500000, 0x0000000089600000|  0%| F|  |TS  0|AC  0|TAMS 0x0000000089500000, 0x0000000089500000|
|  74|0x0000000089600000, 0x0000000089600000, 0x0000000089700000|  0%| F|  |TS  0|AC  0|TAMS 0x0000000089600000, 0x0000000089600000|
|  75|0x0000000089700000, 0x0000000089700000, 0x0000000089800000|  0%| F|  |TS  0|AC  0|TAMS 0x0000000089700000, 0x0000000089700000|
|  76|0x0000000089800000, 0x0000000089800000, 0x0000000089900000|  0%| F|  |TS  0|AC  0|TAMS 0x0000000089800000, 0x0000000089800000|
|  77|0x0000000089900000, 0x0000000089900000, 0x0000000089a00000|  0%| F|  |TS  0|AC  0|TAMS 0x0000000089900000, 0x0000000089900000|
|  78|0x0000000089a00000, 0x0000000089a00000, 0x0000000089b00000|  0%| F|  |TS  0|AC  0|TAMS 0x0000000089a00000, 0x0000000089a00000|
|  79|0x0000000089b00000, 0x0000000089b00000, 0x0000000089c00000|  0%| F|  |TS  0|AC  0|TAMS 0x0000000089b00000, 0x0000000089b00000|
|  80|0x0000000089c00000, 0x0000000089c00000, 0x0000000089d00000|  0%| F|  |TS  0|AC  0|TAMS 0x0000000089c00000, 0x0000000089c00000|
|  81|0x0000000089d00000, 0x0000000089d00000, 0x0000000089e00000|  0%| F|  |TS  0|AC  0|TAMS 0x0000000089d00000, 0x0000000089d00000|
|  82|0x0000000089e00000, 0x0000000089e00000, 0x0000000089f00000|  0%| F|  |TS  0|AC  0|TAMS 0x0000000089e00000, 0x0000000089e00000|
|  83|0x0000000089f00000, 0x0000000089f00000, 0x000000008a000000|  0%| F|  |TS  0|AC  0|TAMS 0x0000000089f00000, 0x0000000089f00000|
|  84|0x000000008a000000, 0x000000008a000000, 0x000000008a100000|  0%| F|  |TS  0|AC  0|TAMS 0x000000008a000000, 0x000000008a000000|
|  85|0x000000008a100000, 0x000000008a100000, 0x000000008a200000|  0%| F|  |TS  0|AC  0|TAMS 0x000000008a100000, 0x000000008a100000|
|  86|0x000000008a200000, 0x000000008a200000, 0x000000008a300000|  0%| F|  |TS  0|AC  0|TAMS 0x000000008a200000, 0x000000008a200000|
|  87|0x000000008a300000, 0x000000008a300000, 0x000000008a400000|  0%| F|  |TS  0|AC  0|TAMS 0x000000008a300000, 0x000000008a300000|
|  88|0x000000008a400000, 0x000000008a400000, 0x000000008a500000|  0%| F|  |TS  0|AC  0|TAMS 0x000000008a400000, 0x000000008a400000|
|  89|0x000000008a500000, 0x000000008a500000, 0x000000008a600000|  0%| F|  |TS  0|AC  0|TAMS 0x000000008a500000, 0x000000008a500000|
|  90|0x000000008a600000, 0x000000008a600000, 0x000000008a700000|  0%| F|  |TS  0|AC  0|TAMS 0x000000008a600000, 0x000000008a600000|
|  91|0x000000008a700000, 0x000000008a700000, 0x000000008a800000|  0%| F|  |TS  0|AC  0|TAMS 0x000000008a700000, 0x000000008a700000|
|  92|0x000000008a800000, 0x000000008a800000, 0x000000008a900000|  0%| F|  |TS  0|AC  0|TAMS 0x000000008a800000, 0x000000008a800000|
|  93|0x000000008a900000, 0x000000008a900000, 0x000000008aa00000|  0%| F|  |TS  0|AC  0|TAMS 0x000000008a900000, 0x000000008a900000|
|  94|0x000000008aa00000, 0x000000008aa00000, 0x000000008ab00000|  0%| F|  |TS  0|AC  0|TAMS 0x000000008aa00000, 0x000000008aa00000|
|  95|0x000000008ab00000, 0x000000008ab00000, 0x000000008ac00000|  0%| F|  |TS  0|AC  0|TAMS 0x000000008ab00000, 0x000000008ab00000|
|  96|0x000000008ac00000, 0x000000008ac00000, 0x000000008ad00000|  0%| F|  |TS  0|AC  0|TAMS 0x000000008ac00000, 0x000000008ac00000|
|  97|0x000000008ad00000, 0x000000008ad00000, 0x000000008ae00000|  0%| F|  |TS  0|AC  0|TAMS 0x000000008ad00000, 0x000000008ad00000|
|  98|0x000000008ae00000, 0x000000008ae00000, 0x000000008af00000|  0%| F|  |TS  0|AC  0|TAMS 0x000000008ae00000, 0x000000008ae00000|
|  99|0x000000008af00000, 0x000000008af00000, 0x000000008b000000|  0%| F|  |TS  0|AC  0|TAMS 0x000000008af00000, 0x000000008af00000|
| 100|0x000000008b000000, 0x000000008b000000, 0x000000008b100000|  0%| F|  |TS  0|AC  0|TAMS 0x000000008b000000, 0x000000008b000000|
| 101|0x000000008b100000, 0x000000008b100000, 0x000000008b200000|  0%| F|  |TS  0|AC  0|TAMS 0x000000008b100000, 0x000000008b100000|
| 102|0x000000008b200000, 0x000000008b200000, 0x000000008b300000|  0%| F|  |TS  0|AC  0|TAMS 0x000000008b200000, 0x000000008b200000|
| 103|0x000000008b300000, 0x000000008b300000, 0x000000008b400000|  0%| F|  |TS  0|AC  0|TAMS 0x000000008b300000, 0x000000008b300000|
| 104|0x000000008b400000, 0x000000008b400000, 0x000000008b500000|  0%| F|  |TS  0|AC  0|TAMS 0x000000008b400000, 0x000000008b400000|
| 105|0x000000008b500000, 0x000000008b500000, 0x000000008b600000|  0%| F|  |TS  0|AC  0|TAMS 0x000000008b500000, 0x000000008b500000|
| 106|0x000000008b600000, 0x000000008b600000, 0x000000008b700000|  0%| F|  |TS  0|AC  0|TAMS 0x000000008b600000, 0x000000008b600000|
| 107|0x000000008b700000, 0x000000008b700000, 0x000000008b800000|  0%| F|  |TS  0|AC  0|TAMS 0x000000008b700000, 0x000000008b700000|
| 108|0x000000008b800000, 0x000000008b800000, 0x000000008b900000|  0%| F|  |TS  0|AC  0|TAMS 0x000000008b800000, 0x000000008b800000|
| 109|0x000000008b900000, 0x000000008b900000, 0x000000008ba00000|  0%| F|  |TS  0|AC  0|TAMS 0x000000008b900000, 0x000000008b900000|
| 110|0x000000008ba00000, 0x000000008ba00000, 0x000000008bb00000|  0%| F|  |TS  0|AC  0|TAMS 0x000000008ba00000, 0x000000008ba00000|
| 111|0x000000008bb00000, 0x000000008bb00000, 0x000000008bc00000|  0%| F|  |TS  0|AC  0|TAMS 0x000000008bb00000, 0x000000008bb00000|
| 112|0x000000008bc00000, 0x000000008bc00000, 0x000000008bd00000|  0%| F|  |TS  0|AC  0|TAMS 0x000000008bc00000, 0x000000008bc00000|
| 113|0x000000008bd00000, 0x000000008bd00000, 0x000000008be00000|  0%| F|  |TS  2|AC  0|TAMS 0x000000008bd00000, 0x000000008bd00000|
| 114|0x000000008be00000, 0x000000008be00000, 0x000000008bf00000|  0%| F|  |TS  2|AC  0|TAMS 0x000000008be00000, 0x000000008be00000|
| 115|0x000000008bf00000, 0x000000008bf00000, 0x000000008c000000|  0%| F|  |TS  2|AC  0|TAMS 0x000000008bf00000, 0x000000008bf00000|
| 116|0x000000008c000000, 0x000000008c000000, 0x000000008c100000|  0%| F|  |TS  2|AC  0|TAMS 0x000000008c000000, 0x000000008c000000|
| 117|0x000000008c100000, 0x000000008c100000, 0x000000008c200000|  0%| F|  |TS  2|AC  0|TAMS 0x000000008c100000, 0x000000008c100000|
| 118|0x000000008c200000, 0x000000008c200000, 0x000000008c300000|  0%| F|  |TS  2|AC  0|TAMS 0x000000008c200000, 0x000000008c200000|
| 119|0x000000008c300000, 0x000000008c300000, 0x000000008c400000|  0%| F|  |TS  2|AC  0|TAMS 0x000000008c300000, 0x000000008c300000|
| 120|0x000000008c400000, 0x000000008c400000, 0x000000008c500000|  0%| F|  |TS  2|AC  0|TAMS 0x000000008c400000, 0x000000008c400000|
| 121|0x000000008c500000, 0x000000008c500000, 0x000000008c600000|  0%| F|  |TS  2|AC  0|TAMS 0x000000008c500000, 0x000000008c500000|
| 122|0x000000008c600000, 0x000000008c600000, 0x000000008c700000|  0%| F|  |TS  2|AC  0|TAMS 0x000000008c600000, 0x000000008c600000|
| 123|0x000000008c700000, 0x000000008c700000, 0x000000008c800000|  0%| F|  |TS  1|AC  0|TAMS 0x000000008c700000, 0x000000008c700000|
| 124|0x000000008c800000, 0x000000008c800000, 0x000000008c900000|  0%| F|  |TS  1|AC  0|TAMS 0x000000008c800000, 0x000000008c800000|
| 125|0x000000008c900000, 0x000000008c900000, 0x000000008ca00000|  0%| F|  |TS  1|AC  0|TAMS 0x000000008c900000, 0x000000008c900000|
| 126|0x000000008ca00000, 0x000000008ca00000, 0x000000008cb00000|  0%| F|  |TS  1|AC  0|TAMS 0x000000008ca00000, 0x000000008ca00000|
| 127|0x000000008cb00000, 0x000000008cb00000, 0x000000008cc00000|  0%| F|  |TS  1|AC  0|TAMS 0x000000008cb00000, 0x000000008cb00000|
| 128|0x000000008cc00000, 0x000000008cc00000, 0x000000008cd00000|  0%| F|  |TS  1|AC  0|TAMS 0x000000008cc00000, 0x000000008cc00000|
| 129|0x000000008cd00000, 0x000000008cd00000, 0x000000008ce00000|  0%| F|  |TS  1|AC  0|TAMS 0x000000008cd00000, 0x000000008cd00000|
| 130|0x000000008ce00000, 0x000000008ce00000, 0x000000008cf00000|  0%| F|  |TS  1|AC  0|TAMS 0x000000008ce00000, 0x000000008ce00000|
| 131|0x000000008cf00000, 0x000000008cf00000, 0x000000008d000000|  0%| F|  |TS  1|AC  0|TAMS 0x000000008cf00000, 0x000000008cf00000|
| 132|0x000000008d000000, 0x000000008d000000, 0x000000008d100000|  0%| F|  |TS  1|AC  0|TAMS 0x000000008d000000, 0x000000008d000000|
| 133|0x000000008d100000, 0x000000008d100000, 0x000000008d200000|  0%| F|  |TS  1|AC  0|TAMS 0x000000008d100000, 0x000000008d100000|
| 134|0x000000008d200000, 0x000000008d200000, 0x000000008d300000|  0%| F|  |TS  1|AC  0|TAMS 0x000000008d200000, 0x000000008d200000|
| 135|0x000000008d300000, 0x000000008d300000, 0x000000008d400000|  0%| F|  |TS  1|AC  0|TAMS 0x000000008d300000, 0x000000008d300000|
| 136|0x000000008d400000, 0x000000008d400000, 0x000000008d500000|  0%| F|  |TS  1|AC  0|TAMS 0x000000008d400000, 0x000000008d400000|
| 137|0x000000008d500000, 0x000000008d500000, 0x000000008d600000|  0%| F|  |TS  1|AC  0|TAMS 0x000000008d500000, 0x000000008d500000|
| 138|0x000000008d600000, 0x000000008d600000, 0x000000008d700000|  0%| F|  |TS  1|AC  0|TAMS 0x000000008d600000, 0x000000008d600000|
| 139|0x000000008d700000, 0x000000008d700000, 0x000000008d800000|  0%| F|  |TS  1|AC  0|TAMS 0x000000008d700000, 0x000000008d700000|
| 140|0x000000008d800000, 0x000000008d800000, 0x000000008d900000|  0%| F|  |TS  1|AC  0|TAMS 0x000000008d800000, 0x000000008d800000|
| 141|0x000000008d900000, 0x000000008d900000, 0x000000008da00000|  0%| F|  |TS  1|AC  0|TAMS 0x000000008d900000, 0x000000008d900000|
| 142|0x000000008da00000, 0x000000008da00000, 0x000000008db00000|  0%| F|  |TS  1|AC  0|TAMS 0x000000008da00000, 0x000000008da00000|
| 143|0x000000008db00000, 0x000000008db00000, 0x000000008dc00000|  0%| F|  |TS  1|AC  0|TAMS 0x000000008db00000, 0x000000008db00000|
| 144|0x000000008dc00000, 0x000000008dc00000, 0x000000008dd00000|  0%| F|  |TS  1|AC  0|TAMS 0x000000008dc00000, 0x000000008dc00000|
| 145|0x000000008dd00000, 0x000000008dd00000, 0x000000008de00000|  0%| F|  |TS  1|AC  0|TAMS 0x000000008dd00000, 0x000000008dd00000|
| 146|0x000000008de00000, 0x000000008de00000, 0x000000008df00000|  0%| F|  |TS  1|AC  0|TAMS 0x000000008de00000, 0x000000008de00000|
| 147|0x000000008df00000, 0x000000008df00000, 0x000000008e000000|  0%| F|  |TS  1|AC  0|TAMS 0x000000008df00000, 0x000000008df00000|
| 148|0x000000008e000000, 0x000000008e000000, 0x000000008e100000|  0%| F|  |TS  1|AC  0|TAMS 0x000000008e000000, 0x000000008e000000|
| 149|0x000000008e100000, 0x000000008e100000, 0x000000008e200000|  0%| F|  |TS  1|AC  0|TAMS 0x000000008e100000, 0x000000008e100000|
| 150|0x000000008e200000, 0x000000008e200000, 0x000000008e300000|  0%| F|  |TS  1|AC  0|TAMS 0x000000008e200000, 0x000000008e200000|
| 151|0x000000008e300000, 0x000000008e300000, 0x000000008e400000|  0%| F|  |TS  1|AC  0|TAMS 0x000000008e300000, 0x000000008e300000|
| 152|0x000000008e400000, 0x000000008e400000, 0x000000008e500000|  0%| F|  |TS  1|AC  0|TAMS 0x000000008e400000, 0x000000008e400000|
| 153|0x000000008e500000, 0x000000008e500000, 0x000000008e600000|  0%| F|  |TS  1|AC  0|TAMS 0x000000008e500000, 0x000000008e500000|
| 154|0x000000008e600000, 0x000000008e600000, 0x000000008e700000|  0%| F|  |TS  1|AC  0|TAMS 0x000000008e600000, 0x000000008e600000|
| 155|0x000000008e700000, 0x000000008e700000, 0x000000008e800000|  0%| F|  |TS  1|AC  0|TAMS 0x000000008e700000, 0x000000008e700000|
| 156|0x000000008e800000, 0x000000008e800000, 0x000000008e900000|  0%| F|  |TS  1|AC  0|TAMS 0x000000008e800000, 0x000000008e800000|
| 157|0x000000008e900000, 0x000000008e900000, 0x000000008ea00000|  0%| F|  |TS  1|AC  0|TAMS 0x000000008e900000, 0x000000008e900000|
| 158|0x000000008ea00000, 0x000000008ea00000, 0x000000008eb00000|  0%| F|  |TS  1|AC  0|TAMS 0x000000008ea00000, 0x000000008ea00000|
| 159|0x000000008eb00000, 0x000000008eb00000, 0x000000008ec00000|  0%| F|  |TS  1|AC  0|TAMS 0x000000008eb00000, 0x000000008eb00000|
| 160|0x000000008ec00000, 0x000000008ec00000, 0x000000008ed00000|  0%| F|  |TS  1|AC  0|TAMS 0x000000008ec00000, 0x000000008ec00000|
| 161|0x000000008ed00000, 0x000000008ed00000, 0x000000008ee00000|  0%| F|  |TS  1|AC  0|TAMS 0x000000008ed00000, 0x000000008ed00000|
| 162|0x000000008ee00000, 0x000000008ee00000, 0x000000008ef00000|  0%| F|  |TS  1|AC  0|TAMS 0x000000008ee00000, 0x000000008ee00000|
| 163|0x000000008ef00000, 0x000000008ef00000, 0x000000008f000000|  0%| F|  |TS  1|AC  0|TAMS 0x000000008ef00000, 0x000000008ef00000|
| 164|0x000000008f000000, 0x000000008f000000, 0x000000008f100000|  0%| F|  |TS  1|AC  0|TAMS 0x000000008f000000, 0x000000008f000000|
| 165|0x000000008f100000, 0x000000008f100000, 0x000000008f200000|  0%| F|  |TS  1|AC  0|TAMS 0x000000008f100000, 0x000000008f100000|
| 166|0x000000008f200000, 0x000000008f200000, 0x000000008f300000|  0%| F|  |TS  1|AC  0|TAMS 0x000000008f200000, 0x000000008f200000|
| 167|0x000000008f300000, 0x000000008f300000, 0x000000008f400000|  0%| F|  |TS  1|AC  0|TAMS 0x000000008f300000, 0x000000008f300000|
| 168|0x000000008f400000, 0x000000008f400000, 0x000000008f500000|  0%| F|  |TS  1|AC  0|TAMS 0x000000008f400000, 0x000000008f400000|
| 169|0x000000008f500000, 0x000000008f500000, 0x000000008f600000|  0%| F|  |TS  1|AC  0|TAMS 0x000000008f500000, 0x000000008f500000|
| 170|0x000000008f600000, 0x000000008f600000, 0x000000008f700000|  0%| F|  |TS  1|AC  0|TAMS 0x000000008f600000, 0x000000008f600000|
| 171|0x000000008f700000, 0x000000008f700000, 0x000000008f800000|  0%| F|  |TS  1|AC  0|TAMS 0x000000008f700000, 0x000000008f700000|
| 172|0x000000008f800000, 0x000000008f800000, 0x000000008f900000|  0%| F|  |TS  1|AC  0|TAMS 0x000000008f800000, 0x000000008f800000|
| 173|0x000000008f900000, 0x000000008f900000, 0x000000008fa00000|  0%| F|  |TS  1|AC  0|TAMS 0x000000008f900000, 0x000000008f900000|
| 174|0x000000008fa00000, 0x000000008fa00000, 0x000000008fb00000|  0%| F|  |TS  1|AC  0|TAMS 0x000000008fa00000, 0x000000008fa00000|
| 175|0x000000008fb00000, 0x000000008fb00000, 0x000000008fc00000|  0%| F|  |TS  1|AC  0|TAMS 0x000000008fb00000, 0x000000008fb00000|
| 176|0x000000008fc00000, 0x000000008fc00000, 0x000000008fd00000|  0%| F|  |TS  1|AC  0|TAMS 0x000000008fc00000, 0x000000008fc00000|
| 177|0x000000008fd00000, 0x000000008fd00000, 0x000000008fe00000|  0%| F|  |TS  1|AC  0|TAMS 0x000000008fd00000, 0x000000008fd00000|
| 178|0x000000008fe00000, 0x000000008fe00000, 0x000000008ff00000|  0%| F|  |TS  1|AC  0|TAMS 0x000000008fe00000, 0x000000008fe00000|
| 179|0x000000008ff00000, 0x000000008ff00000, 0x0000000090000000|  0%| F|  |TS  1|AC  0|TAMS 0x000000008ff00000, 0x000000008ff00000|
| 180|0x0000000090000000, 0x0000000090000000, 0x0000000090100000|  0%| F|  |TS  1|AC  0|TAMS 0x0000000090000000, 0x0000000090000000|
| 181|0x0000000090100000, 0x0000000090100000, 0x0000000090200000|  0%| F|  |TS  1|AC  0|TAMS 0x0000000090100000, 0x0000000090100000|
| 182|0x0000000090200000, 0x0000000090200000, 0x0000000090300000|  0%| F|  |TS  1|AC  0|TAMS 0x0000000090200000, 0x0000000090200000|
| 183|0x0000000090300000, 0x0000000090300000, 0x0000000090400000|  0%| F|  |TS  1|AC  0|TAMS 0x0000000090300000, 0x0000000090300000|
| 184|0x0000000090400000, 0x0000000090400000, 0x0000000090500000|  0%| F|  |TS  1|AC  0|TAMS 0x0000000090400000, 0x0000000090400000|
| 185|0x0000000090500000, 0x0000000090500000, 0x0000000090600000|  0%| F|  |TS  1|AC  0|TAMS 0x0000000090500000, 0x0000000090500000|
| 186|0x0000000090600000, 0x0000000090600000, 0x0000000090700000|  0%| F|  |TS  1|AC  0|TAMS 0x0000000090600000, 0x0000000090600000|
| 187|0x0000000090700000, 0x0000000090700000, 0x0000000090800000|  0%| F|  |TS  1|AC  0|TAMS 0x0000000090700000, 0x0000000090700000|
| 188|0x0000000090800000, 0x0000000090800000, 0x0000000090900000|  0%| F|  |TS  1|AC  0|TAMS 0x0000000090800000, 0x0000000090800000|
| 189|0x0000000090900000, 0x0000000090900000, 0x0000000090a00000|  0%| F|  |TS  1|AC  0|TAMS 0x0000000090900000, 0x0000000090900000|
| 190|0x0000000090a00000, 0x0000000090a00000, 0x0000000090b00000|  0%| F|  |TS  1|AC  0|TAMS 0x0000000090a00000, 0x0000000090a00000|
| 191|0x0000000090b00000, 0x0000000090b00000, 0x0000000090c00000|  0%| F|  |TS  1|AC  0|TAMS 0x0000000090b00000, 0x0000000090b00000|
| 192|0x0000000090c00000, 0x0000000090c00000, 0x0000000090d00000|  0%| F|  |TS  1|AC  0|TAMS 0x0000000090c00000, 0x0000000090c00000|
| 193|0x0000000090d00000, 0x0000000090d00000, 0x0000000090e00000|  0%| F|  |TS  1|AC  0|TAMS 0x0000000090d00000, 0x0000000090d00000|
| 194|0x0000000090e00000, 0x0000000090e00000, 0x0000000090f00000|  0%| F|  |TS  1|AC  0|TAMS 0x0000000090e00000, 0x0000000090e00000|
| 195|0x0000000090f00000, 0x0000000090f00000, 0x0000000091000000|  0%| F|  |TS  1|AC  0|TAMS 0x0000000090f00000, 0x0000000090f00000|
| 196|0x0000000091000000, 0x0000000091000000, 0x0000000091100000|  0%| F|  |TS  1|AC  0|TAMS 0x0000000091000000, 0x0000000091000000|
| 197|0x0000000091100000, 0x0000000091100000, 0x0000000091200000|  0%| F|  |TS  1|AC  0|TAMS 0x0000000091100000, 0x0000000091100000|
| 198|0x0000000091200000, 0x0000000091200000, 0x0000000091300000|  0%| F|  |TS  1|AC  0|TAMS 0x0000000091200000, 0x0000000091200000|
| 199|0x0000000091300000, 0x0000000091300000, 0x0000000091400000|  0%| F|  |TS  1|AC  0|TAMS 0x0000000091300000, 0x0000000091300000|
| 200|0x0000000091400000, 0x0000000091400000, 0x0000000091500000|  0%| F|  |TS  1|AC  0|TAMS 0x0000000091400000, 0x0000000091400000|
| 201|0x0000000091500000, 0x0000000091500000, 0x0000000091600000|  0%| F|  |TS  1|AC  0|TAMS 0x0000000091500000, 0x0000000091500000|
| 202|0x0000000091600000, 0x0000000091600000, 0x0000000091700000|  0%| F|  |TS  1|AC  0|TAMS 0x0000000091600000, 0x0000000091600000|
| 203|0x0000000091700000, 0x0000000091700000, 0x0000000091800000|  0%| F|  |TS  1|AC  0|TAMS 0x0000000091700000, 0x0000000091700000|
| 204|0x0000000091800000, 0x0000000091800000, 0x0000000091900000|  0%| F|  |TS  1|AC  0|TAMS 0x0000000091800000, 0x0000000091800000|
| 205|0x0000000091900000, 0x0000000091900000, 0x0000000091a00000|  0%| F|  |TS  1|AC  0|TAMS 0x0000000091900000, 0x0000000091900000|
| 206|0x0000000091a00000, 0x0000000091a00000, 0x0000000091b00000|  0%| F|  |TS  1|AC  0|TAMS 0x0000000091a00000, 0x0000000091a00000|
| 207|0x0000000091b00000, 0x0000000091b00000, 0x0000000091c00000|  0%| F|  |TS  1|AC  0|TAMS 0x0000000091b00000, 0x0000000091b00000|
| 208|0x0000000091c00000, 0x0000000091c00000, 0x0000000091d00000|  0%| F|  |TS  1|AC  0|TAMS 0x0000000091c00000, 0x0000000091c00000|
| 209|0x0000000091d00000, 0x0000000091d00000, 0x0000000091e00000|  0%| F|  |TS  1|AC  0|TAMS 0x0000000091d00000, 0x0000000091d00000|
| 210|0x0000000091e00000, 0x0000000091e00000, 0x0000000091f00000|  0%| F|  |TS  1|AC  0|TAMS 0x0000000091e00000, 0x0000000091e00000|
| 211|0x0000000091f00000, 0x0000000091f00000, 0x0000000092000000|  0%| F|  |TS  1|AC  0|TAMS 0x0000000091f00000, 0x0000000091f00000|
| 212|0x0000000092000000, 0x0000000092000000, 0x0000000092100000|  0%| F|  |TS  1|AC  0|TAMS 0x0000000092000000, 0x0000000092000000|
| 213|0x0000000092100000, 0x0000000092100000, 0x0000000092200000|  0%| F|  |TS  1|AC  0|TAMS 0x0000000092100000, 0x0000000092100000|
| 214|0x0000000092200000, 0x0000000092200000, 0x0000000092300000|  0%| F|  |TS  1|AC  0|TAMS 0x0000000092200000, 0x0000000092200000|
| 215|0x0000000092300000, 0x0000000092300000, 0x0000000092400000|  0%| F|  |TS  1|AC  0|TAMS 0x0000000092300000, 0x0000000092300000|
| 216|0x0000000092400000, 0x0000000092400000, 0x0000000092500000|  0%| F|  |TS  1|AC  0|TAMS 0x0000000092400000, 0x0000000092400000|
| 217|0x0000000092500000, 0x0000000092500000, 0x0000000092600000|  0%| F|  |TS  1|AC  0|TAMS 0x0000000092500000, 0x0000000092500000|
| 218|0x0000000092600000, 0x0000000092600000, 0x0000000092700000|  0%| F|  |TS  1|AC  0|TAMS 0x0000000092600000, 0x0000000092600000|
| 219|0x0000000092700000, 0x0000000092700000, 0x0000000092800000|  0%| F|  |TS  1|AC  0|TAMS 0x0000000092700000, 0x0000000092700000|
| 220|0x0000000092800000, 0x0000000092800000, 0x0000000092900000|  0%| F|  |TS  1|AC  0|TAMS 0x0000000092800000, 0x0000000092800000|
| 221|0x0000000092900000, 0x0000000092900000, 0x0000000092a00000|  0%| F|  |TS  1|AC  0|TAMS 0x0000000092900000, 0x0000000092900000|
| 222|0x0000000092a00000, 0x0000000092a00000, 0x0000000092b00000|  0%| F|  |TS  1|AC  0|TAMS 0x0000000092a00000, 0x0000000092a00000|
| 223|0x0000000092b00000, 0x0000000092b00000, 0x0000000092c00000|  0%| F|  |TS  1|AC  0|TAMS 0x0000000092b00000, 0x0000000092b00000|
| 224|0x0000000092c00000, 0x0000000092c00000, 0x0000000092d00000|  0%| F|  |TS  1|AC  0|TAMS 0x0000000092c00000, 0x0000000092c00000|
| 225|0x0000000092d00000, 0x0000000092d00000, 0x0000000092e00000|  0%| F|  |TS  1|AC  0|TAMS 0x0000000092d00000, 0x0000000092d00000|
| 226|0x0000000092e00000, 0x0000000092e00000, 0x0000000092f00000|  0%| F|  |TS  1|AC  0|TAMS 0x0000000092e00000, 0x0000000092e00000|
| 227|0x0000000092f00000, 0x0000000092f00000, 0x0000000093000000|  0%| F|  |TS  1|AC  0|TAMS 0x0000000092f00000, 0x0000000092f00000|
| 228|0x0000000093000000, 0x0000000093000000, 0x0000000093100000|  0%| F|  |TS  1|AC  0|TAMS 0x0000000093000000, 0x0000000093000000|
| 229|0x0000000093100000, 0x0000000093100000, 0x0000000093200000|  0%| F|  |TS  1|AC  0|TAMS 0x0000000093100000, 0x0000000093100000|
| 230|0x0000000093200000, 0x0000000093200000, 0x0000000093300000|  0%| F|  |TS  1|AC  0|TAMS 0x0000000093200000, 0x0000000093200000|
| 231|0x0000000093300000, 0x0000000093300000, 0x0000000093400000|  0%| F|  |TS  1|AC  0|TAMS 0x0000000093300000, 0x0000000093300000|
| 232|0x0000000093400000, 0x0000000093400000, 0x0000000093500000|  0%| F|  |TS  1|AC  0|TAMS 0x0000000093400000, 0x0000000093400000|
| 233|0x0000000093500000, 0x0000000093500000, 0x0000000093600000|  0%| F|  |TS  1|AC  0|TAMS 0x0000000093500000, 0x0000000093500000|
| 234|0x0000000093600000, 0x0000000093600000, 0x0000000093700000|  0%| F|  |TS  1|AC  0|TAMS 0x0000000093600000, 0x0000000093600000|
| 235|0x0000000093700000, 0x0000000093700000, 0x0000000093800000|  0%| F|  |TS  1|AC  0|TAMS 0x0000000093700000, 0x0000000093700000|
| 236|0x0000000093800000, 0x0000000093800000, 0x0000000093900000|  0%| F|  |TS  1|AC  0|TAMS 0x0000000093800000, 0x0000000093800000|
| 237|0x0000000093900000, 0x0000000093900000, 0x0000000093a00000|  0%| F|  |TS  1|AC  0|TAMS 0x0000000093900000, 0x0000000093900000|
| 238|0x0000000093a00000, 0x0000000093a00000, 0x0000000093b00000|  0%| F|  |TS  1|AC  0|TAMS 0x0000000093a00000, 0x0000000093a00000|
| 239|0x0000000093b00000, 0x0000000093b00000, 0x0000000093c00000|  0%| F|  |TS  1|AC  0|TAMS 0x0000000093b00000, 0x0000000093b00000|
| 240|0x0000000093c00000, 0x0000000093c00000, 0x0000000093d00000|  0%| F|  |TS  1|AC  0|TAMS 0x0000000093c00000, 0x0000000093c00000|
| 241|0x0000000093d00000, 0x0000000093d00000, 0x0000000093e00000|  0%| F|  |TS  1|AC  0|TAMS 0x0000000093d00000, 0x0000000093d00000|
| 242|0x0000000093e00000, 0x0000000093e00000, 0x0000000093f00000|  0%| F|  |TS  1|AC  0|TAMS 0x0000000093e00000, 0x0000000093e00000|
| 243|0x0000000093f00000, 0x0000000093f00000, 0x0000000094000000|  0%| F|  |TS  1|AC  0|TAMS 0x0000000093f00000, 0x0000000093f00000|
| 244|0x0000000094000000, 0x0000000094000000, 0x0000000094100000|  0%| F|  |TS  1|AC  0|TAMS 0x0000000094000000, 0x0000000094000000|
| 245|0x0000000094100000, 0x0000000094100000, 0x0000000094200000|  0%| F|  |TS  1|AC  0|TAMS 0x0000000094100000, 0x0000000094100000|
| 246|0x0000000094200000, 0x0000000094200000, 0x0000000094300000|  0%| F|  |TS  1|AC  0|TAMS 0x0000000094200000, 0x0000000094200000|
| 247|0x0000000094300000, 0x0000000094300000, 0x0000000094400000|  0%| F|  |TS  1|AC  0|TAMS 0x0000000094300000, 0x0000000094300000|
| 248|0x0000000094400000, 0x0000000094400000, 0x0000000094500000|  0%| F|  |TS  1|AC  0|TAMS 0x0000000094400000, 0x0000000094400000|
| 249|0x0000000094500000, 0x0000000094500000, 0x0000000094600000|  0%| F|  |TS  1|AC  0|TAMS 0x0000000094500000, 0x0000000094500000|
| 250|0x0000000094600000, 0x0000000094600000, 0x0000000094700000|  0%| F|  |TS  1|AC  0|TAMS 0x0000000094600000, 0x0000000094600000|
| 251|0x0000000094700000, 0x0000000094700000, 0x0000000094800000|  0%| F|  |TS  1|AC  0|TAMS 0x0000000094700000, 0x0000000094700000|
| 252|0x0000000094800000, 0x0000000094800000, 0x0000000094900000|  0%| F|  |TS  1|AC  0|TAMS 0x0000000094800000, 0x0000000094800000|
| 253|0x0000000094900000, 0x0000000094900000, 0x0000000094a00000|  0%| F|  |TS  1|AC  0|TAMS 0x0000000094900000, 0x0000000094900000|
| 254|0x0000000094a00000, 0x0000000094a00000, 0x0000000094b00000|  0%| F|  |TS  1|AC  0|TAMS 0x0000000094a00000, 0x0000000094a00000|
| 255|0x0000000094b00000, 0x0000000094b00000, 0x0000000094c00000|  0%| F|  |TS  1|AC  0|TAMS 0x0000000094b00000, 0x0000000094b00000|
| 256|0x0000000094c00000, 0x0000000094c00000, 0x0000000094d00000|  0%| F|  |TS  1|AC  0|TAMS 0x0000000094c00000, 0x0000000094c00000|
| 257|0x0000000094d00000, 0x0000000094d00000, 0x0000000094e00000|  0%| F|  |TS  1|AC  0|TAMS 0x0000000094d00000, 0x0000000094d00000|
| 258|0x0000000094e00000, 0x0000000094e00000, 0x0000000094f00000|  0%| F|  |TS  4|AC  0|TAMS 0x0000000094e00000, 0x0000000094e00000|
| 259|0x0000000094f00000, 0x0000000095000000, 0x0000000095000000|100%| S|CS|TS  4|AC  0|TAMS 0x0000000094f00000, 0x0000000094f00000|
| 260|0x0000000095000000, 0x0000000095000000, 0x0000000095100000|  0%| F|  |TS  4|AC  0|TAMS 0x0000000095000000, 0x0000000095000000|
| 261|0x0000000095100000, 0x0000000095100000, 0x0000000095200000|  0%| F|  |TS  4|AC  0|TAMS 0x0000000095100000, 0x0000000095100000|
| 262|0x0000000095200000, 0x0000000095200000, 0x0000000095300000|  0%| F|  |TS  4|AC  0|TAMS 0x0000000095200000, 0x0000000095200000|
| 263|0x0000000095300000, 0x0000000095300000, 0x0000000095400000|  0%| F|  |TS  4|AC  0|TAMS 0x0000000095300000, 0x0000000095300000|
| 264|0x0000000095400000, 0x0000000095400000, 0x0000000095500000|  0%| F|  |TS  4|AC  0|TAMS 0x0000000095400000, 0x0000000095400000|
| 265|0x0000000095500000, 0x0000000095500000, 0x0000000095600000|  0%| F|  |TS  4|AC  0|TAMS 0x0000000095500000, 0x0000000095500000|
| 266|0x0000000095600000, 0x0000000095600000, 0x0000000095700000|  0%| F|  |TS  4|AC  0|TAMS 0x0000000095600000, 0x0000000095600000|
| 267|0x0000000095700000, 0x0000000095700000, 0x0000000095800000|  0%| F|  |TS  4|AC  0|TAMS 0x0000000095700000, 0x0000000095700000|
| 268|0x0000000095800000, 0x0000000095800000, 0x0000000095900000|  0%| F|  |TS  4|AC  0|TAMS 0x0000000095800000, 0x0000000095800000|
| 269|0x0000000095900000, 0x0000000095900000, 0x0000000095a00000|  0%| F|  |TS  4|AC  0|TAMS 0x0000000095900000, 0x0000000095900000|
| 270|0x0000000095a00000, 0x0000000095a00000, 0x0000000095b00000|  0%| F|  |TS  4|AC  0|TAMS 0x0000000095a00000, 0x0000000095a00000|
| 271|0x0000000095b00000, 0x0000000095b00000, 0x0000000095c00000|  0%| F|  |TS  4|AC  0|TAMS 0x0000000095b00000, 0x0000000095b00000|

Card table byte_map: [0x00007f24b0aa5000,0x00007f24b0e7f000] byte_map_base: 0x00007f24b067f000

Marking Bits (Prev, Next): (CMBitMap*) 0x00007f24cc057a88, (CMBitMap*) 0x00007f24cc057a50
 Prev Bits: [0x00007f24a0260000, 0x00007f24a2130000)
 Next Bits: [0x00007f24a2130000, 0x00007f24a4000000)

Polling page: 0x00007f24d3960000

CodeHeap 'non-profiled nmethods': size=120032Kb used=3619Kb max_used=3619Kb free=116413Kb
 bounds [0x00007f24b9703000, 0x00007f24b9a93000, 0x00007f24c0c3b000]
CodeHeap 'profiled nmethods': size=120032Kb used=11965Kb max_used=11965Kb free=108066Kb
 bounds [0x00007f24b21cb000, 0x00007f24b2d8b000, 0x00007f24b9703000]
CodeHeap 'non-nmethods': size=5696Kb used=1207Kb max_used=1295Kb free=4488Kb
 bounds [0x00007f24b1c3b000, 0x00007f24b1eab000, 0x00007f24b21cb000]
 total_blobs=8418 nmethods=5601 adapters=513
 compilation: enabled

Compilation events (10 events):
Event: 35.230 Thread 0x00007f24cc175000 nmethod 6468 0x00007f24b9a8bb10 code [0x00007f24b9a8bcc0, 0x00007f24b9a8bdd0]
Event: 35.264 Thread 0x00007f24cc171000 nmethod 6460 0x00007f24b9a8be10 code [0x00007f24b9a8bfc0, 0x00007f24b9a8c218]
Event: 35.265 Thread 0x00007f24cc171000 6466       4       java.util.LinkedHashMap$LinkedEntrySet::iterator (12 bytes)
Event: 35.268 Thread 0x00007f24cc171000 nmethod 6466 0x00007f24b9a8c410 code [0x00007f24b9a8c5c0, 0x00007f24b9a8c798]
Event: 35.268 Thread 0x00007f24cc171000 6467       4       java.util.AbstractSequentialList::iterator (5 bytes)
Event: 35.274 Thread 0x00007f24cc171000 nmethod 6467 0x00007f24b9a8c890 code [0x00007f24b9a8ca40, 0x00007f24b9a8cc58]
Event: 35.274 Thread 0x00007f24cc171000 6463       4       java.lang.Math::max (11 bytes)
Event: 35.308 Thread 0x00007f24cc171000 nmethod 6463 0x00007f24b991f590 code [0x00007f24b991f720, 0x00007f24b991f758]
Event: 35.426 Thread 0x00007f24cc175000 6470       3       com.fasterxml.jackson.databind.type.TypeFactory::_findWellKnownSimple (64 bytes)
Event: 35.426 Thread 0x00007f24cc175000 nmethod 6470 0x00007f24b2afdc90 code [0x00007f24b2afde60, 0x00007f24b2afe1f0]

GC Heap History (10 events):
Event: 9.344 GC heap after
{Heap after GC invocations=14 (full 0):
 garbage-first heap   total 195584K, used 27758K [0x0000000084c00000, 0x0000000100000000)
  region size 1024K, 12 young (12288K), 12 survivors (12288K)
 Metaspace       used 56395K, capacity 57637K, committed 58112K, reserved 1099776K
  class space    used 6574K, capacity 7099K, committed 7168K, reserved 1048576K
}
Event: 10.080 GC heap before
{Heap before GC invocations=14 (full 0):
 garbage-first heap   total 195584K, used 86126K [0x0000000084c00000, 0x0000000100000000)
  region size 1024K, 70 young (71680K), 12 survivors (12288K)
 Metaspace       used 58643K, capacity 59931K, committed 60160K, reserved 1101824K
  class space    used 6858K, capacity 7393K, committed 7424K, reserved 1048576K
}
Event: 10.104 GC heap after
{Heap after GC invocations=15 (full 0):
 garbage-first heap   total 278528K, used 29656K [0x0000000084c00000, 0x0000000100000000)
  region size 1024K, 7 young (7168K), 7 survivors (7168K)
 Metaspace       used 58643K, capacity 59931K, committed 60160K, reserved 1101824K
  class space    used 6858K, capacity 7393K, committed 7424K, reserved 1048576K
}
Event: 15.695 GC heap before
{Heap before GC invocations=16 (full 0):
 garbage-first heap   total 278528K, used 175064K [0x0000000084c00000, 0x0000000100000000)
  region size 1024K, 149 young (152576K), 7 survivors (7168K)
 Metaspace       used 64886K, capacity 66260K, committed 66764K, reserved 1107968K
  class space    used 7717K, capacity 8279K, committed 8396K, reserved 1048576K
}
Event: 17.511 GC heap after
{Heap after GC invocations=17 (full 0):
 garbage-first heap   total 278528K, used 32895K [0x0000000084c00000, 0x0000000100000000)
  region size 1024K, 10 young (10240K), 10 survivors (10240K)
 Metaspace       used 64886K, capacity 66260K, committed 66764K, reserved 1107968K
  class space    used 7717K, capacity 8279K, committed 8396K, reserved 1048576K
}
Event: 18.532 GC heap before
{Heap before GC invocations=17 (full 0):
 garbage-first heap   total 278528K, used 35967K [0x0000000084c00000, 0x0000000100000000)
  region size 1024K, 13 young (13312K), 10 survivors (10240K)
 Metaspace       used 64968K, capacity 66327K, committed 66764K, reserved 1107968K
  class space    used 7727K, capacity 8279K, committed 8396K, reserved 1048576K
}
Event: 18.706 GC heap after
{Heap after GC invocations=18 (full 0):
 garbage-first heap   total 278528K, used 33450K [0x0000000084c00000, 0x0000000100000000)
  region size 1024K, 2 young (2048K), 2 survivors (2048K)
 Metaspace       used 64968K, capacity 66327K, committed 66764K, reserved 1107968K
  class space    used 7727K, capacity 8279K, committed 8396K, reserved 1048576K
}
Event: 23.278 GC heap before
{Heap before GC invocations=18 (full 0):
 garbage-first heap   total 278528K, used 44714K [0x0000000084c00000, 0x0000000100000000)
  region size 1024K, 13 young (13312K), 2 survivors (2048K)
 Metaspace       used 65230K, capacity 66636K, committed 67020K, reserved 1107968K
  class space    used 7750K, capacity 8316K, committed 8396K, reserved 1048576K
}
Event: 23.880 GC heap after
{Heap after GC invocations=19 (full 0):
 garbage-first heap   total 278528K, used 32928K [0x0000000084c00000, 0x0000000100000000)
  region size 1024K, 1 young (1024K), 1 survivors (1024K)
 Metaspace       used 65230K, capacity 66636K, committed 67020K, reserved 1107968K
  class space    used 7750K, capacity 8316K, committed 8396K, reserved 1048576K
}
Event: 35.484 GC heap before
{Heap before GC invocations=19 (full 0):
 garbage-first heap   total 278528K, used 45216K [0x0000000084c00000, 0x0000000100000000)
  region size 1024K, 13 young (13312K), 1 survivors (1024K)
 Metaspace       used 65799K, capacity 67242K, committed 67532K, reserved 1107968K
  class space    used 7825K, capacity 8386K, committed 8396K, reserved 1048576K
}

Deoptimization events (10 events):
Event: 11.475 Thread 0x00007f24cc011800 Uncommon trap: reason=unstable_if action=reinterpret pc=0x00007f24b9999694 method=jdk.internal.ref.PhantomCleanable.remove()Z @ 12 c2
Event: 11.680 Thread 0x00007f24cc011800 Uncommon trap: reason=class_check action=maybe_recompile pc=0x00007f24b9992140 method=org.springframework.boot.loader.jar.AsciiBytes.matches(Ljava/lang/CharSequence;C)Z @ 3 c2
Event: 11.681 Thread 0x00007f24cc011800 Uncommon trap: reason=unstable_if action=reinterpret pc=0x00007f24b999a068 method=jdk.internal.ref.PhantomCleanable.remove()Z @ 12 c2
Event: 12.286 Thread 0x00007f24cc011800 Uncommon trap: reason=intrinsic_or_type_checked_inlining action=make_not_entrant pc=0x00007f24b9a0b804 method=java.util.ArrayList.toArray([Ljava/lang/Object;)[Ljava/lang/Object; @ 36 c2
Event: 13.440 Thread 0x00007f24cc011800 Uncommon trap: reason=class_check action=make_not_entrant pc=0x00007f24b993cfe0 method=java.util.ArrayList.toArray([Ljava/lang/Object;)[Ljava/lang/Object; @ 21 c2
Event: 20.530 Thread 0x00007f24cc011800 Uncommon trap: reason=unstable_if action=reinterpret pc=0x00007f24b974a884 method=org.springframework.util.ClassUtils.isAssignable(Ljava/lang/Class;Ljava/lang/Class;)Z @ 26 c2
Event: 20.665 Thread 0x00007f24cc011800 Uncommon trap: reason=class_check action=maybe_recompile pc=0x00007f24b9887660 method=java.lang.String.equals(Ljava/lang/Object;)Z @ 8 c2
Event: 20.676 Thread 0x00007f24cc011800 Uncommon trap: reason=class_check action=maybe_recompile pc=0x00007f24b9887660 method=java.lang.String.equals(Ljava/lang/Object;)Z @ 8 c2
Event: 20.677 Thread 0x00007f24cc011800 Uncommon trap: reason=class_check action=maybe_recompile pc=0x00007f24b9887660 method=java.lang.String.equals(Ljava/lang/Object;)Z @ 8 c2
Event: 32.826 Thread 0x00007f24cda1d800 Uncommon trap: reason=unstable_if action=reinterpret pc=0x00007f24b992c0a4 method=java.lang.ThreadLocal.get()Ljava/lang/Object; @ 11 c2

Classes redefined (0 events):
No events

Internal exceptions (10 events):
Event: 27.042 Thread 0x00007f24cc011800 Exception <a 'java/lang/ClassNotFoundException'{0x0000000095bd60e0}: org/springframework/cloud/context/properties/ConfigurationPropertiesRebinderCustomizer> (0x0000000095bd60e0) thrown at [/scratch/opt/mach5/mesos/work_dir/slaves/e283bbd4-d3d7-4cc0-a152-4
Event: 27.204 Thread 0x00007f24cc011800 Exception <a 'java/lang/ClassNotFoundException'{0x0000000095a27180}: org/springframework/context/ApplicationContextAwareCustomizer> (0x0000000095a27180) thrown at [/scratch/opt/mach5/mesos/work_dir/slaves/e283bbd4-d3d7-4cc0-a152-4405cadfe7cb-S314/framewor
Event: 27.205 Thread 0x00007f24cc011800 Exception <a 'java/lang/ClassNotFoundException'{0x0000000095a6bc18}: org/springframework/beans/factory/AwareCustomizer> (0x0000000095a6bc18) thrown at [/scratch/opt/mach5/mesos/work_dir/slaves/e283bbd4-d3d7-4cc0-a152-4405cadfe7cb-S314/frameworks/1735e8a2-
Event: 27.206 Thread 0x00007f24cc011800 Exception <a 'java/lang/ClassNotFoundException'{0x0000000095ab1880}: org/springframework/context/ApplicationListenerCustomizer> (0x0000000095ab1880) thrown at [/scratch/opt/mach5/mesos/work_dir/slaves/e283bbd4-d3d7-4cc0-a152-4405cadfe7cb-S314/frameworks/1
Event: 27.344 Thread 0x00007f24cc011800 Exception <a 'java/lang/ClassNotFoundException'{0x0000000095ad1b90}: java/util/EventListenerCustomizer> (0x0000000095ad1b90) thrown at [/scratch/opt/mach5/mesos/work_dir/slaves/e283bbd4-d3d7-4cc0-a152-4405cadfe7cb-S314/frameworks/1735e8a2-a1db-478c-8104-6
Event: 28.774 Thread 0x00007f24cc011800 Exception <a 'java/lang/ClassNotFoundException'{0x000000009590d830}: java/lang/ObjectCustomizer> (0x000000009590d830) thrown at [/scratch/opt/mach5/mesos/work_dir/slaves/e283bbd4-d3d7-4cc0-a152-4405cadfe7cb-S314/frameworks/1735e8a2-a1db-478c-8104-60c8b0af
Event: 30.508 Thread 0x00007f24cc011800 Exception <a 'java/lang/ClassNotFoundException'{0x0000000095959f88}: org/springframework/jmx/export/metadata/AbstractJmxAttributeCustomizer> (0x0000000095959f88) thrown at [/scratch/opt/mach5/mesos/work_dir/slaves/e283bbd4-d3d7-4cc0-a152-4405cadfe7cb-S314
Event: 31.538 Thread 0x00007f24cc011800 Exception <a 'java/lang/ClassNotFoundException'{0x00000000959af9f0}: org/springframework/jmx/export/metadata/ManagedAttributeCustomizer> (0x00000000959af9f0) thrown at [/scratch/opt/mach5/mesos/work_dir/slaves/e283bbd4-d3d7-4cc0-a152-4405cadfe7cb-S314/fra
Event: 32.680 Thread 0x00007f24cda1d800 Implicit null exception at 0x00007f24b992bf8b to 0x00007f24b992c08e
Event: 33.691 Thread 0x00007f24cda1d800 Exception <a 'java/net/SocketTimeoutException'{0x00000000955de180}: Read timed out> (0x00000000955de180) thrown at [/scratch/opt/mach5/mesos/work_dir/slaves/e283bbd4-d3d7-4cc0-a152-4405cadfe7cb-S314/frameworks/1735e8a2-a1db-478c-8104-60c8b0af87dd-0196/exe

Events (10 events):
Event: 35.425 loading class com/fasterxml/jackson/databind/annotation/JsonAppend done
Event: 35.426 loading class org/joda/time/chrono/AssembledChronology
Event: 35.426 loading class org/joda/time/chrono/AssembledChronology done
Event: 35.435 loading class com/fasterxml/jackson/annotation/JsonFilter
Event: 35.435 loading class com/fasterxml/jackson/annotation/JsonFilter done
Event: 35.447 loading class org/joda/time/chrono/BaseChronology
Event: 35.447 loading class org/joda/time/chrono/BaseChronology done
Event: 35.479 loading class com/fasterxml/jackson/databind/ser/impl/UnwrappingBeanSerializer
Event: 35.479 loading class com/fasterxml/jackson/databind/ser/impl/UnwrappingBeanSerializer done
Event: 35.479 Executing VM operation: G1IncCollectionPause


Dynamic libraries:
00400000-00401000 r-xp 00000000 08:0a 2765995                            /usr/lib/jvm/jdk-10.0.1/bin/java
00600000-00601000 rw-p 00000000 08:0a 2765995                            /usr/lib/jvm/jdk-10.0.1/bin/java
00fbc000-00fdd000 rw-p 00000000 00:00 0                                  [heap]
84c00000-95c00000 rw-p 00000000 00:00 0 
b7c00000-100000000 ---p 00000000 00:00 0 
100000000-100833000 rw-p 00000000 00:00 0 
100833000-140000000 ---p 00000000 00:00 0 
7f2428000000-7f2428021000 rw-p 00000000 00:00 0 
7f2428021000-7f242c000000 ---p 00000000 00:00 0 
7f242c000000-7f242c021000 rw-p 00000000 00:00 0 
7f242c021000-7f2430000000 ---p 00000000 00:00 0 
7f2432dfc000-7f2432e00000 ---p 00000000 00:00 0 
7f2432e00000-7f2432efd000 rw-p 00000000 00:00 0 
7f2432efd000-7f2432f01000 ---p 00000000 00:00 0 
7f2432f01000-7f2432ffe000 rw-p 00000000 00:00 0 
7f2432ffe000-7f2433002000 ---p 00000000 00:00 0 
7f2433002000-7f24332bf000 rw-p 00000000 00:00 0 
7f24332bf000-7f24332ff000 ---p 00000000 00:00 0 
7f24332ff000-7f2433303000 ---p 00000000 00:00 0 
7f2433303000-7f2433600000 rw-p 00000000 00:00 0 
7f2433600000-7f2433800000 rw-p 00000000 00:00 0 
7f2433800000-7f2433a00000 rw-p 00000000 00:00 0 
7f2433a00000-7f2433c00000 rw-p 00000000 00:00 0 
7f2433c00000-7f2433e00000 rw-p 00000000 00:00 0 
7f2433e00000-7f2434000000 rw-p 00000000 00:00 0 
7f2434000000-7f2434061000 rw-p 00000000 00:00 0 
7f2434061000-7f2438000000 ---p 00000000 00:00 0 
7f2438000000-7f2438063000 rw-p 00000000 00:00 0 
7f2438063000-7f243c000000 ---p 00000000 00:00 0 
7f243c000000-7f243c021000 rw-p 00000000 00:00 0 
7f243c021000-7f2440000000 ---p 00000000 00:00 0 
7f2440000000-7f2440055000 rw-p 00000000 00:00 0 
7f2440055000-7f2444000000 ---p 00000000 00:00 0 
7f2444000000-7f2444484000 rw-p 00000000 00:00 0 
7f2444484000-7f2448000000 ---p 00000000 00:00 0 
7f2448000000-7f244807b000 rw-p 00000000 00:00 0 
7f244807b000-7f244c000000 ---p 00000000 00:00 0 
7f244c000000-7f244c021000 rw-p 00000000 00:00 0 
7f244c021000-7f2450000000 ---p 00000000 00:00 0 
7f245004a000-7f245004e000 ---p 00000000 00:00 0 
7f245004e000-7f245014b000 rw-p 00000000 00:00 0 
7f245014b000-7f245014f000 ---p 00000000 00:00 0 
7f245014f000-7f245024c000 rw-p 00000000 00:00 0 
7f245024c000-7f2450250000 ---p 00000000 00:00 0 
7f2450250000-7f245034d000 rw-p 00000000 00:00 0 
7f245034d000-7f2450351000 ---p 00000000 00:00 0 
7f2450351000-7f245044e000 rw-p 00000000 00:00 0 
7f245044e000-7f2450452000 ---p 00000000 00:00 0 
7f2450452000-7f245074f000 rw-p 00000000 00:00 0 
7f245074f000-7f245094f000 rw-p 00000000 00:00 0 
7f245094f000-7f245098c000 r-xp 00000000 08:0a 2900406                    /usr/lib/jvm/jdk-10.0.1/lib/libsunec.so
7f245098c000-7f2450b8c000 ---p 0003d000 08:0a 2900406                    /usr/lib/jvm/jdk-10.0.1/lib/libsunec.so
7f2450b8c000-7f2450b93000 rw-p 0003d000 08:0a 2900406                    /usr/lib/jvm/jdk-10.0.1/lib/libsunec.so
7f2450b93000-7f2450ba4000 rw-p 00000000 00:00 0 
7f2450ba4000-7f2450ba8000 ---p 00000000 00:00 0 
7f2450ba8000-7f2450ea5000 rw-p 00000000 00:00 0 
7f2450ea5000-7f24510a5000 rw-p 00000000 00:00 0 
7f24510a5000-7f24512a5000 rw-p 00000000 00:00 0 
7f24512a5000-7f24514a5000 rw-p 00000000 00:00 0 
7f24514a5000-7f24516a5000 rw-p 00000000 00:00 0 
7f24516a5000-7f24516a6000 r-xp 00000000 08:0a 2900400                    /usr/lib/jvm/jdk-10.0.1/lib/libextnet.so
7f24516a6000-7f24518a5000 ---p 00001000 08:0a 2900400                    /usr/lib/jvm/jdk-10.0.1/lib/libextnet.so
7f24518a5000-7f24518a6000 rw-p 00000000 08:0a 2900400                    /usr/lib/jvm/jdk-10.0.1/lib/libextnet.so
7f24518a6000-7f2451aa6000 rw-p 00000000 00:00 0 
7f2451aa6000-7f2451ca6000 rw-p 00000000 00:00 0 
7f2451ca6000-7f2451ea6000 rw-p 00000000 00:00 0 
7f2451ea6000-7f24520a6000 rw-p 00000000 00:00 0 
7f24520a6000-7f24522a6000 rw-p 00000000 00:00 0 
7f24522a6000-7f24524a6000 rw-p 00000000 00:00 0 
7f24524a6000-7f24524ab000 r-xp 00000000 08:0a 2900424                    /usr/lib/jvm/jdk-10.0.1/lib/libmanagement_ext.so
7f24524ab000-7f24526aa000 ---p 00005000 08:0a 2900424                    /usr/lib/jvm/jdk-10.0.1/lib/libmanagement_ext.so
7f24526aa000-7f24526ab000 rw-p 00004000 08:0a 2900424                    /usr/lib/jvm/jdk-10.0.1/lib/libmanagement_ext.so
7f24526ab000-7f24526af000 r-xp 00000000 08:0a 2900403                    /usr/lib/jvm/jdk-10.0.1/lib/libmanagement.so
7f24526af000-7f24528ae000 ---p 00004000 08:0a 2900403                    /usr/lib/jvm/jdk-10.0.1/lib/libmanagement.so
7f24528ae000-7f24528af000 rw-p 00003000 08:0a 2900403                    /usr/lib/jvm/jdk-10.0.1/lib/libmanagement.so
7f24528af000-7f2452aaf000 rw-p 00000000 00:00 0 
7f2452aaf000-7f2452ac6000 r-xp 00000000 08:0a 4461550                    /lib/x86_64-linux-gnu/libresolv-2.27.so
7f2452ac6000-7f2452cc6000 ---p 00017000 08:0a 4461550                    /lib/x86_64-linux-gnu/libresolv-2.27.so
7f2452cc6000-7f2452cc7000 r--p 00017000 08:0a 4461550                    /lib/x86_64-linux-gnu/libresolv-2.27.so
7f2452cc7000-7f2452cc8000 rw-p 00018000 08:0a 4461550                    /lib/x86_64-linux-gnu/libresolv-2.27.so
7f2452cc8000-7f2452cca000 rw-p 00000000 00:00 0 
7f2452cca000-7f2452ccf000 r-xp 00000000 08:0a 4461499                    /lib/x86_64-linux-gnu/libnss_dns-2.27.so
7f2452ccf000-7f2452ecf000 ---p 00005000 08:0a 4461499                    /lib/x86_64-linux-gnu/libnss_dns-2.27.so
7f2452ecf000-7f2452ed0000 r--p 00005000 08:0a 4461499                    /lib/x86_64-linux-gnu/libnss_dns-2.27.so
7f2452ed0000-7f2452ed1000 rw-p 00006000 08:0a 4461499                    /lib/x86_64-linux-gnu/libnss_dns-2.27.so
7f2452ed1000-7f2452ed3000 r-xp 00000000 08:0a 4461507                    /lib/x86_64-linux-gnu/libnss_mdns4_minimal.so.2
7f2452ed3000-7f24530d2000 ---p 00002000 08:0a 4461507                    /lib/x86_64-linux-gnu/libnss_mdns4_minimal.so.2
7f24530d2000-7f24530d3000 r--p 00001000 08:0a 4461507                    /lib/x86_64-linux-gnu/libnss_mdns4_minimal.so.2
7f24530d3000-7f24530d4000 rw-p 00002000 08:0a 4461507                    /lib/x86_64-linux-gnu/libnss_mdns4_minimal.so.2
7f24530d4000-7f24530d8000 ---p 00000000 00:00 0 
7f24530d8000-7f24533d5000 rw-p 00000000 00:00 0 
7f24533d5000-7f24535d5000 rw-p 00000000 00:00 0 
7f24535d5000-7f24535d9000 ---p 00000000 00:00 0 
7f24535d9000-7f24538d6000 rw-p 00000000 00:00 0 
7f24538d6000-7f2453ad6000 rw-p 00000000 00:00 0 
7f2453ad6000-7f2453aec000 r-xp 00000000 08:0a 2900399                    /usr/lib/jvm/jdk-10.0.1/lib/libnet.so
7f2453aec000-7f2453cec000 ---p 00016000 08:0a 2900399                    /usr/lib/jvm/jdk-10.0.1/lib/libnet.so
7f2453cec000-7f2453ced000 rw-p 00016000 08:0a 2900399                    /usr/lib/jvm/jdk-10.0.1/lib/libnet.so
7f2453ced000-7f2453cfd000 r-xp 00000000 08:0a 2900520                    /usr/lib/jvm/jdk-10.0.1/lib/libnio.so
7f2453cfd000-7f2453efd000 ---p 00010000 08:0a 2900520                    /usr/lib/jvm/jdk-10.0.1/lib/libnio.so
7f2453efd000-7f2453efe000 rw-p 00010000 08:0a 2900520                    /usr/lib/jvm/jdk-10.0.1/lib/libnio.so
7f2453efe000-7f2453eff000 ---p 00000000 00:00 0 
7f2453eff000-7f2454000000 rw-p 00000000 00:00 0 
7f2454000000-7f2454021000 rw-p 00000000 00:00 0 
7f2454021000-7f2458000000 ---p 00000000 00:00 0 
7f2458000000-7f2458021000 rw-p 00000000 00:00 0 
7f2458021000-7f245c000000 ---p 00000000 00:00 0 
7f245c000000-7f245cd7d000 rw-p 00000000 00:00 0 
7f245cd7d000-7f2460000000 ---p 00000000 00:00 0 
7f2460000000-7f2460021000 rw-p 00000000 00:00 0 
7f2460021000-7f2464000000 ---p 00000000 00:00 0 
7f2464000000-7f246614b000 rw-p 00000000 00:00 0 
7f246614b000-7f2468000000 ---p 00000000 00:00 0 
7f2468000000-7f2469cad000 rw-p 00000000 00:00 0 
7f2469cad000-7f246c000000 ---p 00000000 00:00 0 
7f246c000000-7f246c021000 rw-p 00000000 00:00 0 
7f246c021000-7f2470000000 ---p 00000000 00:00 0 
7f2470000000-7f2470021000 rw-p 00000000 00:00 0 
7f2470021000-7f2474000000 ---p 00000000 00:00 0 
7f2474000000-7f2474424000 rw-p 00000000 00:00 0 
7f2474424000-7f2478000000 ---p 00000000 00:00 0 
7f2478000000-7f2478021000 rw-p 00000000 00:00 0 
7f2478021000-7f247c000000 ---p 00000000 00:00 0 
7f247c000000-7f247c021000 rw-p 00000000 00:00 0 
7f247c021000-7f2480000000 ---p 00000000 00:00 0 
7f2480000000-7f2480021000 rw-p 00000000 00:00 0 
7f2480021000-7f2484000000 ---p 00000000 00:00 0 
7f2484000000-7f2484021000 rw-p 00000000 00:00 0 
7f2484021000-7f2488000000 ---p 00000000 00:00 0 
7f2488000000-7f2488021000 rw-p 00000000 00:00 0 
7f2488021000-7f248c000000 ---p 00000000 00:00 0 
7f248c000000-7f248c021000 rw-p 00000000 00:00 0 
7f248c021000-7f2490000000 ---p 00000000 00:00 0 
7f2490000000-7f2490021000 rw-p 00000000 00:00 0 
7f2490021000-7f2494000000 ---p 00000000 00:00 0 
7f24940aa000-7f24940ae000 ---p 00000000 00:00 0 
7f24940ae000-7f24941ab000 rw-p 00000000 00:00 0 
7f24941ab000-7f24941af000 ---p 00000000 00:00 0 
7f24941af000-7f24942ac000 rw-p 00000000 00:00 0 
7f24942ac000-7f24942b0000 ---p 00000000 00:00 0 
7f24942b0000-7f24943ad000 rw-p 00000000 00:00 0 
7f24943ad000-7f24943b1000 ---p 00000000 00:00 0 
7f24943b1000-7f24944ae000 rw-p 00000000 00:00 0 
7f24944ae000-7f24944b2000 ---p 00000000 00:00 0 
7f24944b2000-7f24945af000 rw-p 00000000 00:00 0 
7f24945af000-7f24945b3000 ---p 00000000 00:00 0 
7f24945b3000-7f24946b0000 rw-p 00000000 00:00 0 
7f24946b0000-7f24946b4000 ---p 00000000 00:00 0 
7f24946b4000-7f24947b1000 rw-p 00000000 00:00 0 
7f24947b1000-7f2495180000 r--p 00000000 08:0a 1841862                    /usr/lib/locale/locale-archive
7f2495180000-7f2495184000 ---p 00000000 00:00 0 
7f2495184000-7f2495281000 rw-p 00000000 00:00 0 
7f2495281000-7f2495285000 ---p 00000000 00:00 0 
7f2495285000-7f2495382000 rw-p 00000000 00:00 0 
7f2495382000-7f2495383000 ---p 00000000 00:00 0 
7f2495383000-7f2495cfa000 rw-p 00000000 00:00 0 
7f2495cfa000-7f2495cfb000 ---p 00000000 00:00 0 
7f2495cfb000-7f2495dfc000 rw-p 00000000 00:00 0 
7f2495dfc000-7f2495dfd000 ---p 00000000 00:00 0 
7f2495dfd000-7f2495efe000 rw-p 00000000 00:00 0 
7f2495efe000-7f2495eff000 ---p 00000000 00:00 0 
7f2495eff000-7f2498000000 rw-p 00000000 00:00 0 
7f2498000000-7f2498021000 rw-p 00000000 00:00 0 
7f2498021000-7f249c000000 ---p 00000000 00:00 0 
7f249c000000-7f249c021000 rw-p 00000000 00:00 0 
7f249c021000-7f24a0000000 ---p 00000000 00:00 0 
7f24a005c000-7f24a005d000 ---p 00000000 00:00 0 
7f24a005d000-7f24a015e000 rw-p 00000000 00:00 0 
7f24a015e000-7f24a015f000 ---p 00000000 00:00 0 
7f24a015f000-7f24a06a0000 rw-p 00000000 00:00 0 
7f24a06a0000-7f24a2130000 ---p 00000000 00:00 0 
7f24a2130000-7f24a2570000 rw-p 00000000 00:00 0 
7f24a2570000-7f24a4000000 ---p 00000000 00:00 0 
7f24a4000000-7f24a4021000 rw-p 00000000 00:00 0 
7f24a4021000-7f24a8000000 ---p 00000000 00:00 0 
7f24a8000000-7f24a802d000 rw-p 00000000 00:00 0 
7f24a802d000-7f24ac000000 ---p 00000000 00:00 0 
7f24ac000000-7f24ac021000 rw-p 00000000 00:00 0 
7f24ac021000-7f24b0000000 ---p 00000000 00:00 0 
7f24b0068000-7f24b04c7000 rw-p 00000000 00:00 0 
7f24b04c7000-7f24b04c8000 ---p 00000000 00:00 0 
7f24b04c8000-7f24b05c9000 rw-p 00000000 00:00 0 
7f24b05c9000-7f24b05ca000 ---p 00000000 00:00 0 
7f24b05ca000-7f24b0753000 rw-p 00000000 00:00 0 
7f24b0753000-7f24b0aa5000 ---p 00000000 00:00 0 
7f24b0aa5000-7f24b0b2d000 rw-p 00000000 00:00 0 
7f24b0b2d000-7f24b0e7f000 ---p 00000000 00:00 0 
7f24b0e7f000-7f24b0f07000 rw-p 00000000 00:00 0 
7f24b0f07000-7f24b1259000 ---p 00000000 00:00 0 
7f24b1259000-7f24b165d000 rw-p 00000000 00:00 0 
7f24b165d000-7f24b165e000 ---p 00000000 00:00 0 
7f24b165e000-7f24b175f000 rw-p 00000000 00:00 0 
7f24b175f000-7f24b1760000 ---p 00000000 00:00 0 
7f24b1760000-7f24b1861000 rw-p 00000000 00:00 0 
7f24b1861000-7f24b1862000 ---p 00000000 00:00 0 
7f24b1862000-7f24b1963000 rw-p 00000000 00:00 0 
7f24b1963000-7f24b1964000 ---p 00000000 00:00 0 
7f24b1964000-7f24b1a6d000 rw-p 00000000 00:00 0 
7f24b1a6d000-7f24b1b50000 ---p 00000000 00:00 0 
7f24b1b50000-7f24b1b68000 rw-p 00000000 00:00 0 
7f24b1b68000-7f24b1c3b000 ---p 00000000 00:00 0 
7f24b1c3b000-7f24b1eab000 rwxp 00000000 00:00 0 
7f24b1eab000-7f24b21cb000 ---p 00000000 00:00 0 
7f24b21cb000-7f24b2d8b000 rwxp 00000000 00:00 0 
7f24b2d8b000-7f24b9703000 ---p 00000000 00:00 0 
7f24b9703000-7f24b9a93000 rwxp 00000000 00:00 0 
7f24b9a93000-7f24c0c3b000 ---p 00000000 00:00 0 
7f24c0c3b000-7f24cc000000 r--s 00000000 08:0a 2900536                    /usr/lib/jvm/jdk-10.0.1/lib/modules
7f24cc000000-7f24cda5b000 rw-p 00000000 00:00 0 
7f24cda5b000-7f24d0000000 ---p 00000000 00:00 0 
7f24d0037000-7f24d0051000 r-xp 00000000 08:0a 2900441                    /usr/lib/jvm/jdk-10.0.1/lib/libjimage.so
7f24d0051000-7f24d0250000 ---p 0001a000 08:0a 2900441                    /usr/lib/jvm/jdk-10.0.1/lib/libjimage.so
7f24d0250000-7f24d0252000 rw-p 00019000 08:0a 2900441                    /usr/lib/jvm/jdk-10.0.1/lib/libjimage.so
7f24d0252000-7f24d0264000 rw-p 00000000 00:00 0 
7f24d0264000-7f24d026b000 r-xp 00000000 08:0a 2900711                    /usr/lib/jvm/jdk-10.0.1/lib/libzip.so
7f24d026b000-7f24d046a000 ---p 00007000 08:0a 2900711                    /usr/lib/jvm/jdk-10.0.1/lib/libzip.so
7f24d046a000-7f24d046b000 rw-p 00006000 08:0a 2900711                    /usr/lib/jvm/jdk-10.0.1/lib/libzip.so
7f24d046b000-7f24d0476000 r-xp 00000000 08:0a 4461501                    /lib/x86_64-linux-gnu/libnss_files-2.27.so
7f24d0476000-7f24d0675000 ---p 0000b000 08:0a 4461501                    /lib/x86_64-linux-gnu/libnss_files-2.27.so
7f24d0675000-7f24d0676000 r--p 0000a000 08:0a 4461501                    /lib/x86_64-linux-gnu/libnss_files-2.27.so
7f24d0676000-7f24d0677000 rw-p 0000b000 08:0a 4461501                    /lib/x86_64-linux-gnu/libnss_files-2.27.so
7f24d0677000-7f24d067d000 rw-p 00000000 00:00 0 
7f24d067d000-7f24d0694000 r-xp 00000000 08:0a 4461495                    /lib/x86_64-linux-gnu/libnsl-2.27.so
7f24d0694000-7f24d0893000 ---p 00017000 08:0a 4461495                    /lib/x86_64-linux-gnu/libnsl-2.27.so
7f24d0893000-7f24d0894000 r--p 00016000 08:0a 4461495                    /lib/x86_64-linux-gnu/libnsl-2.27.so
7f24d0894000-7f24d0895000 rw-p 00017000 08:0a 4461495                    /lib/x86_64-linux-gnu/libnsl-2.27.so
7f24d0895000-7f24d0897000 rw-p 00000000 00:00 0 
7f24d0897000-7f24d08a2000 r-xp 00000000 08:0a 4461512                    /lib/x86_64-linux-gnu/libnss_nis-2.27.so
7f24d08a2000-7f24d0aa1000 ---p 0000b000 08:0a 4461512                    /lib/x86_64-linux-gnu/libnss_nis-2.27.so
7f24d0aa1000-7f24d0aa2000 r--p 0000a000 08:0a 4461512                    /lib/x86_64-linux-gnu/libnss_nis-2.27.so
7f24d0aa2000-7f24d0aa3000 rw-p 0000b000 08:0a 4461512                    /lib/x86_64-linux-gnu/libnss_nis-2.27.so
7f24d0aa3000-7f24d0aab000 r-xp 00000000 08:0a 4461497                    /lib/x86_64-linux-gnu/libnss_compat-2.27.so
7f24d0aab000-7f24d0cab000 ---p 00008000 08:0a 4461497                    /lib/x86_64-linux-gnu/libnss_compat-2.27.so
7f24d0cab000-7f24d0cac000 r--p 00008000 08:0a 4461497                    /lib/x86_64-linux-gnu/libnss_compat-2.27.so
7f24d0cac000-7f24d0cad000 rw-p 00009000 08:0a 4461497                    /lib/x86_64-linux-gnu/libnss_compat-2.27.so
7f24d0cad000-7f24d0cd7000 r-xp 00000000 08:0a 2900694                    /usr/lib/jvm/jdk-10.0.1/lib/libjava.so
7f24d0cd7000-7f24d0ed7000 ---p 0002a000 08:0a 2900694                    /usr/lib/jvm/jdk-10.0.1/lib/libjava.so
7f24d0ed7000-7f24d0ed9000 rw-p 0002a000 08:0a 2900694                    /usr/lib/jvm/jdk-10.0.1/lib/libjava.so
7f24d0ed9000-7f24d0ee6000 r-xp 00000000 08:0a 2900522                    /usr/lib/jvm/jdk-10.0.1/lib/libverify.so
7f24d0ee6000-7f24d10e5000 ---p 0000d000 08:0a 2900522                    /usr/lib/jvm/jdk-10.0.1/lib/libverify.so
7f24d10e5000-7f24d10e7000 rw-p 0000c000 08:0a 2900522                    /usr/lib/jvm/jdk-10.0.1/lib/libverify.so
7f24d10e7000-7f24d10ee000 r-xp 00000000 08:0a 4461552                    /lib/x86_64-linux-gnu/librt-2.27.so
7f24d10ee000-7f24d12ed000 ---p 00007000 08:0a 4461552                    /lib/x86_64-linux-gnu/librt-2.27.so
7f24d12ed000-7f24d12ee000 r--p 00006000 08:0a 4461552                    /lib/x86_64-linux-gnu/librt-2.27.so
7f24d12ee000-7f24d12ef000 rw-p 00007000 08:0a 4461552                    /lib/x86_64-linux-gnu/librt-2.27.so
7f24d12ef000-7f24d148c000 r-xp 00000000 08:0a 4461474                    /lib/x86_64-linux-gnu/libm-2.27.so
7f24d148c000-7f24d168b000 ---p 0019d000 08:0a 4461474                    /lib/x86_64-linux-gnu/libm-2.27.so
7f24d168b000-7f24d168c000 r--p 0019c000 08:0a 4461474                    /lib/x86_64-linux-gnu/libm-2.27.so
7f24d168c000-7f24d168d000 rw-p 0019d000 08:0a 4461474                    /lib/x86_64-linux-gnu/libm-2.27.so
7f24d168d000-7f24d2778000 r-xp 00000000 08:0a 2900415                    /usr/lib/jvm/jdk-10.0.1/lib/server/libjvm.so
7f24d2778000-7f24d2977000 ---p 010eb000 08:0a 2900415                    /usr/lib/jvm/jdk-10.0.1/lib/server/libjvm.so
7f24d2977000-7f24d2a57000 r--p 010ea000 08:0a 2900415                    /usr/lib/jvm/jdk-10.0.1/lib/server/libjvm.so
7f24d2a57000-7f24d2a91000 rw-p 011ca000 08:0a 2900415                    /usr/lib/jvm/jdk-10.0.1/lib/server/libjvm.so
7f24d2a91000-7f24d2afb000 rw-p 00000000 00:00 0 
7f24d2afb000-7f24d2ce2000 r-xp 00000000 08:0a 4461411                    /lib/x86_64-linux-gnu/libc-2.27.so
7f24d2ce2000-7f24d2ee2000 ---p 001e7000 08:0a 4461411                    /lib/x86_64-linux-gnu/libc-2.27.so
7f24d2ee2000-7f24d2ee6000 r--p 001e7000 08:0a 4461411                    /lib/x86_64-linux-gnu/libc-2.27.so
7f24d2ee6000-7f24d2ee8000 rw-p 001eb000 08:0a 4461411                    /lib/x86_64-linux-gnu/libc-2.27.so
7f24d2ee8000-7f24d2eec000 rw-p 00000000 00:00 0 
7f24d2eec000-7f24d2eef000 r-xp 00000000 08:0a 4461434                    /lib/x86_64-linux-gnu/libdl-2.27.so
7f24d2eef000-7f24d30ee000 ---p 00003000 08:0a 4461434                    /lib/x86_64-linux-gnu/libdl-2.27.so
7f24d30ee000-7f24d30ef000 r--p 00002000 08:0a 4461434                    /lib/x86_64-linux-gnu/libdl-2.27.so
7f24d30ef000-7f24d30f0000 rw-p 00003000 08:0a 4461434                    /lib/x86_64-linux-gnu/libdl-2.27.so
7f24d30f0000-7f24d30fe000 r-xp 00000000 08:0a 2900402                    /usr/lib/jvm/jdk-10.0.1/lib/jli/libjli.so
7f24d30fe000-7f24d32fe000 ---p 0000e000 08:0a 2900402                    /usr/lib/jvm/jdk-10.0.1/lib/jli/libjli.so
7f24d32fe000-7f24d32ff000 rw-p 0000e000 08:0a 2900402                    /usr/lib/jvm/jdk-10.0.1/lib/jli/libjli.so
7f24d32ff000-7f24d3319000 r-xp 00000000 08:0a 4461544                    /lib/x86_64-linux-gnu/libpthread-2.27.so
7f24d3319000-7f24d3518000 ---p 0001a000 08:0a 4461544                    /lib/x86_64-linux-gnu/libpthread-2.27.so
7f24d3518000-7f24d3519000 r--p 00019000 08:0a 4461544                    /lib/x86_64-linux-gnu/libpthread-2.27.so
7f24d3519000-7f24d351a000 rw-p 0001a000 08:0a 4461544                    /lib/x86_64-linux-gnu/libpthread-2.27.so
7f24d351a000-7f24d351e000 rw-p 00000000 00:00 0 
7f24d351e000-7f24d353a000 r-xp 00000000 08:0a 4461583                    /lib/x86_64-linux-gnu/libz.so.1.2.11
7f24d353a000-7f24d3739000 ---p 0001c000 08:0a 4461583                    /lib/x86_64-linux-gnu/libz.so.1.2.11
7f24d3739000-7f24d373a000 r--p 0001b000 08:0a 4461583                    /lib/x86_64-linux-gnu/libz.so.1.2.11
7f24d373a000-7f24d373b000 rw-p 0001c000 08:0a 4461583                    /lib/x86_64-linux-gnu/libz.so.1.2.11
7f24d373b000-7f24d3762000 r-xp 00000000 08:0a 4461383                    /lib/x86_64-linux-gnu/ld-2.27.so
7f24d3780000-7f24d3843000 rw-p 00000000 00:00 0 
7f24d3843000-7f24d384a000 ---p 00000000 00:00 0 
7f24d384a000-7f24d384e000 ---p 00000000 00:00 0 
7f24d384e000-7f24d394f000 rw-p 00000000 00:00 0 
7f24d3957000-7f24d3958000 rw-p 00000000 00:00 0 
7f24d3958000-7f24d3960000 rw-s 00000000 08:0a 810918                     /tmp/hsperfdata_yaniv/6521
7f24d3960000-7f24d3961000 ---p 00000000 00:00 0 
7f24d3961000-7f24d3962000 r--p 00000000 00:00 0 
7f24d3962000-7f24d3963000 r--p 00027000 08:0a 4461383                    /lib/x86_64-linux-gnu/ld-2.27.so
7f24d3963000-7f24d3964000 rw-p 00028000 08:0a 4461383                    /lib/x86_64-linux-gnu/ld-2.27.so
7f24d3964000-7f24d3965000 rw-p 00000000 00:00 0 
7ffe8b725000-7ffe8b746000 rw-p 00000000 00:00 0                          [stack]
7ffe8b777000-7ffe8b77a000 r--p 00000000 00:00 0                          [vvar]
7ffe8b77a000-7ffe8b77c000 r-xp 00000000 00:00 0                          [vdso]
ffffffffff600000-ffffffffff601000 r-xp 00000000 00:00 0                  [vsyscall]


VM Arguments:
java_command: build/libs/device-service-0.0.1-SNAPSHOT.jar
java_class_path (initial): build/libs/device-service-0.0.1-SNAPSHOT.jar
Launcher Type: SUN_STANDARD

Logging:
Log output configuration:
#0: stdout all=warning uptime,level,tags
#1: stderr all=off uptime,level,tags

Environment Variables:
JAVA_HOME=/usr/lib/jvm/java-8-oracle
PATH=/usr/local/sbin:/usr/local/bin:/usr/sbin:/usr/bin:/sbin:/bin:/usr/games:/usr/local/games:/snap/bin:/usr/lib/jvm/java-8-oracle/bin:/usr/lib/jvm/java-8-oracle/db/bin:/usr/lib/jvm/java-8-oracle/jre/bin
USERNAME=yaniv
SHELL=/bin/bash
DISPLAY=:0

Signal Handlers:
SIGSEGV: [libjvm.so+0xdf61c0], sa_mask[0]=11111111011111111101111111111110, sa_flags=SA_RESTART|SA_SIGINFO
SIGBUS: [libjvm.so+0xdf61c0], sa_mask[0]=11111111011111111101111111111110, sa_flags=SA_RESTART|SA_SIGINFO
SIGFPE: [libjvm.so+0xdf61c0], sa_mask[0]=11111111011111111101111111111110, sa_flags=SA_RESTART|SA_SIGINFO
SIGPIPE: [libjvm.so+0xbfbe20], sa_mask[0]=11111111011111111101111111111110, sa_flags=SA_RESTART|SA_SIGINFO
SIGXFSZ: [libjvm.so+0xbfbe20], sa_mask[0]=11111111011111111101111111111110, sa_flags=SA_RESTART|SA_SIGINFO
SIGILL: [libjvm.so+0xdf61c0], sa_mask[0]=11111111011111111101111111111110, sa_flags=SA_RESTART|SA_SIGINFO
SIGUSR2: [libjvm.so+0xbfc1b0], sa_mask[0]=00000000000000000000000000000000, sa_flags=SA_RESTART|SA_SIGINFO
SIGHUP: [libjvm.so+0xbfc140], sa_mask[0]=11111111011111111101111111111110, sa_flags=SA_RESTART|SA_SIGINFO
SIGINT: [libjvm.so+0xbfc140], sa_mask[0]=11111111011111111101111111111110, sa_flags=SA_RESTART|SA_SIGINFO
SIGTERM: [libjvm.so+0xbfc140], sa_mask[0]=11111111011111111101111111111110, sa_flags=SA_RESTART|SA_SIGINFO
SIGQUIT: [libjvm.so+0xbfc140], sa_mask[0]=11111111011111111101111111111110, sa_flags=SA_RESTART|SA_SIGINFO


---------------  S Y S T E M  ---------------

OS:DISTRIB_ID=Ubuntu
DISTRIB_RELEASE=18.04
DISTRIB_CODENAME=bionic
DISTRIB_DESCRIPTION="Ubuntu 18.04.1 LTS"
uname:Linux 4.15.0-38-generic #41-Ubuntu SMP Wed Oct 10 10:59:38 UTC 2018 x86_64
libc:glibc 2.27 NPTL 2.27 
rlimit: STACK 8192k, CORE 0k, NPROC 30956, NOFILE 1048576, AS infinity, DATA infinity, FSIZE infinity
load average:12.17 3.52 1.56

/proc/meminfo:
MemTotal:        8075652 kB
MemFree:          123460 kB
MemAvailable:      66152 kB
Buffers:            9940 kB
Cached:           731588 kB
SwapCached:        63704 kB
Active:          6475584 kB
Inactive:        1062348 kB
Active(anon):    6454208 kB
Inactive(anon):  1018620 kB
Active(file):      21376 kB
Inactive(file):    43728 kB
Unevictable:          32 kB
Mlocked:              32 kB
SwapTotal:       2097148 kB
SwapFree:              0 kB
Dirty:               252 kB
Writeback:             0 kB
AnonPages:       6734192 kB
Mapped:           359448 kB
Shmem:            675960 kB
Slab:             220868 kB
SReclaimable:      97944 kB
SUnreclaim:       122924 kB
KernelStack:       19856 kB
PageTables:        85484 kB
NFS_Unstable:          0 kB
Bounce:                0 kB
WritebackTmp:          0 kB
CommitLimit:     6134972 kB
Committed_AS:   17402764 kB
VmallocTotal:   34359738367 kB
VmallocUsed:           0 kB
VmallocChunk:          0 kB
HardwareCorrupted:     0 kB
AnonHugePages:         0 kB
ShmemHugePages:        0 kB
ShmemPmdMapped:        0 kB
CmaTotal:              0 kB
CmaFree:               0 kB
HugePages_Total:       0
HugePages_Free:        0
HugePages_Rsvd:        0
HugePages_Surp:        0
Hugepagesize:       2048 kB
DirectMap4k:      398080 kB
DirectMap2M:     7901184 kB
DirectMap1G:     1048576 kB

container (cgroup) information:
container_type: cgroupv1
cpu_cpuset_cpus: 0-3
cpu_memory_nodes: 0
active_processor_count: 4
cpu_quota: -1
cpu_period: 100000
cpu_shares: -1
memory_limit_in_bytes: -1
memory_and_swap_limit_in_bytes: -2
memory_soft_limit_in_bytes: -1
memory_usage_in_bytes: 7767052288
memory_max_usage_in_bytes: 7817379840


CPU:total 4 (initial active 4) (2 cores per cpu, 2 threads per core) family 6 model 69 stepping 1, cmov, cx8, fxsr, mmx, sse, sse2, sse3, ssse3, sse4.1, sse4.2, popcnt, avx, avx2, aes, clmul, erms, lzcnt, ht, tsc, tscinvbit, bmi1, bmi2, fma
CPU Model and flags from /proc/cpuinfo:
model name	: Intel(R) Core(TM) i5-4200U CPU @ 1.60GHz
flags		: fpu vme de pse tsc msr pae mce cx8 apic sep mtrr pge mca cmov pat pse36 clflush dts acpi mmx fxsr sse sse2 ss ht tm pbe syscall nx pdpe1gb rdtscp lm constant_tsc arch_perfmon pebs bts rep_good nopl xtopology nonstop_tsc cpuid aperfmperf pni pclmulqdq dtes64 monitor ds_cpl vmx est tm2 ssse3 sdbg fma cx16 xtpr pdcm pcid sse4_1 sse4_2 movbe popcnt tsc_deadline_timer aes xsave avx f16c rdrand lahf_lm abm cpuid_fault epb invpcid_single pti ssbd ibrs ibpb stibp tpr_shadow vnmi flexpriority ept vpid fsgsbase tsc_adjust bmi1 avx2 smep bmi2 erms invpcid xsaveopt dtherm ida arat pln pts flush_l1d

Memory: 4k page, physical 8075652k(122468k free), swap 2097148k(0k free)

vm_info: Java HotSpot(TM) 64-Bit Server VM (10.0.1+10) for linux-amd64 JRE (10.0.1+10), built on Mar 26 2018 18:14:41 by "mach5one" with gcc 4.9.2

END.
